<?xml version="1.0" encoding="UTF-8"?>
<testsuite name="org.apache.http.impl.client.cache.TestCacheValidityPolicy" time="0.01" tests="45" errors="0" skipped="0" failures="0">
  <properties>
    <property name="java.runtime.name" value="Java(TM) SE Runtime Environment"/>
    <property name="sun.boot.library.path" value="/Library/Java/JavaVirtualMachines/jdk1.8.0_60.jdk/Contents/Home/jre/lib"/>
    <property name="java.vm.version" value="25.60-b23"/>
    <property name="gopherProxySet" value="false"/>
    <property name="java.vm.vendor" value="Oracle Corporation"/>
    <property name="maven.multiModuleProjectDirectory" value="/Users/microlm/CS451_ChessgameProject/ChessGameFrontEnd/httpcomponents-client-4.5.1"/>
    <property name="java.vendor.url" value="http://java.oracle.com/"/>
    <property name="path.separator" value=":"/>
    <property name="guice.disable.misplaced.annotation.check" value="true"/>
    <property name="java.vm.name" value="Java HotSpot(TM) 64-Bit Server VM"/>
    <property name="file.encoding.pkg" value="sun.io"/>
    <property name="user.country" value="US"/>
    <property name="sun.java.launcher" value="SUN_STANDARD"/>
    <property name="sun.os.patch.level" value="unknown"/>
    <property name="java.vm.specification.name" value="Java Virtual Machine Specification"/>
    <property name="user.dir" value="/Users/microlm/CS451_ChessgameProject/ChessGameFrontEnd/httpcomponents-client-4.5.1"/>
    <property name="java.runtime.version" value="1.8.0_60-b27"/>
    <property name="java.awt.graphicsenv" value="sun.awt.CGraphicsEnvironment"/>
    <property name="java.endorsed.dirs" value="/Library/Java/JavaVirtualMachines/jdk1.8.0_60.jdk/Contents/Home/jre/lib/endorsed"/>
    <property name="os.arch" value="x86_64"/>
    <property name="java.io.tmpdir" value="/var/folders/83/f3lm05md4fv4cyfbgfmwbxx80000gn/T/"/>
    <property name="line.separator" value="&#10;"/>
    <property name="java.vm.specification.vendor" value="Oracle Corporation"/>
    <property name="os.name" value="Mac OS X"/>
    <property name="classworlds.conf" value="/Applications/apache-maven-3.3.9/bin/m2.conf"/>
    <property name="sun.jnu.encoding" value="UTF-8"/>
    <property name="java.library.path" value="/Users/microlm/Library/Java/Extensions:/Library/Java/Extensions:/Network/Library/Java/Extensions:/System/Library/Java/Extensions:/usr/lib/java:."/>
    <property name="java.specification.name" value="Java Platform API Specification"/>
    <property name="java.class.version" value="52.0"/>
    <property name="sun.management.compiler" value="HotSpot 64-Bit Tiered Compilers"/>
    <property name="os.version" value="10.10.3"/>
    <property name="http.nonProxyHosts" value="local|*.local|169.254/16|*.169.254/16"/>
    <property name="user.home" value="/Users/microlm"/>
    <property name="user.timezone" value="America/New_York"/>
    <property name="java.awt.printerjob" value="sun.lwawt.macosx.CPrinterJob"/>
    <property name="java.specification.version" value="1.8"/>
    <property name="file.encoding" value="UTF-8"/>
    <property name="user.name" value="microlm"/>
    <property name="java.class.path" value="/Applications/apache-maven-3.3.9/boot/plexus-classworlds-2.5.2.jar"/>
    <property name="java.vm.specification.version" value="1.8"/>
    <property name="sun.arch.data.model" value="64"/>
    <property name="java.home" value="/Library/Java/JavaVirtualMachines/jdk1.8.0_60.jdk/Contents/Home/jre"/>
    <property name="sun.java.command" value="org.codehaus.plexus.classworlds.launcher.Launcher install"/>
    <property name="java.specification.vendor" value="Oracle Corporation"/>
    <property name="user.language" value="en"/>
    <property name="awt.toolkit" value="sun.lwawt.macosx.LWCToolkit"/>
    <property name="java.vm.info" value="mixed mode"/>
    <property name="java.version" value="1.8.0_60"/>
    <property name="java.ext.dirs" value="/Users/microlm/Library/Java/Extensions:/Library/Java/JavaVirtualMachines/jdk1.8.0_60.jdk/Contents/Home/jre/lib/ext:/Library/Java/Extensions:/Network/Library/Java/Extensions:/System/Library/Java/Extensions:/usr/lib/java"/>
    <property name="sun.boot.class.path" value="/Library/Java/JavaVirtualMachines/jdk1.8.0_60.jdk/Contents/Home/jre/lib/resources.jar:/Library/Java/JavaVirtualMachines/jdk1.8.0_60.jdk/Contents/Home/jre/lib/rt.jar:/Library/Java/JavaVirtualMachines/jdk1.8.0_60.jdk/Contents/Home/jre/lib/sunrsasign.jar:/Library/Java/JavaVirtualMachines/jdk1.8.0_60.jdk/Contents/Home/jre/lib/jsse.jar:/Library/Java/JavaVirtualMachines/jdk1.8.0_60.jdk/Contents/Home/jre/lib/jce.jar:/Library/Java/JavaVirtualMachines/jdk1.8.0_60.jdk/Contents/Home/jre/lib/charsets.jar:/Library/Java/JavaVirtualMachines/jdk1.8.0_60.jdk/Contents/Home/jre/lib/jfr.jar:/Library/Java/JavaVirtualMachines/jdk1.8.0_60.jdk/Contents/Home/jre/classes"/>
    <property name="java.vendor" value="Oracle Corporation"/>
    <property name="maven.home" value="/Applications/apache-maven-3.3.9"/>
    <property name="file.separator" value="/"/>
    <property name="java.vendor.url.bug" value="http://bugreport.sun.com/bugreport/"/>
    <property name="sun.cpu.endian" value="little"/>
    <property name="sun.io.unicode.encoding" value="UnicodeBig"/>
    <property name="socksNonProxyHosts" value="local|*.local|169.254/16|*.169.254/16"/>
    <property name="ftp.nonProxyHosts" value="local|*.local|169.254/16|*.169.254/16"/>
    <property name="sun.cpu.isalist" value=""/>
  </properties>
  <testcase name="testCorrectContentLengthDoesntInvalidateEntry" classname="org.apache.http.impl.client.cache.TestCacheValidityPolicy" time="0"/>
  <testcase name="testResponseIsNotFreshIfFreshnessLifetimeEqualsCurrentAge" classname="org.apache.http.impl.client.cache.TestCacheValidityPolicy" time="0.001"/>
  <testcase name="testProxyRevalidateIsTrueWhenDirectiveIsPresent" classname="org.apache.http.impl.client.cache.TestCacheValidityPolicy" time="0"/>
  <testcase name="testMayReturnStaleIfErrorInResponseIsTrueWithinStaleness" classname="org.apache.http.impl.client.cache.TestCacheValidityPolicy" time="0.001"/>
  <testcase name="testFreshnessLifetimeIsSMaxAgeIfPresent" classname="org.apache.http.impl.client.cache.TestCacheValidityPolicy" time="0"/>
  <testcase name="testFreshnessLifetimeIsMaxAgeEvenIfExpiresIsPresent" classname="org.apache.http.impl.client.cache.TestCacheValidityPolicy" time="0"/>
  <testcase name="testMalformedCacheControlMaxAgeHeaderReturnsZero" classname="org.apache.http.impl.client.cache.TestCacheValidityPolicy" time="0"/>
  <testcase name="testMalformedContentLengthReturnsNegativeOne" classname="org.apache.http.impl.client.cache.TestCacheValidityPolicy" time="0"/>
  <testcase name="testApparentAgeIsMaxIntIfDateHeaderNotPresent" classname="org.apache.http.impl.client.cache.TestCacheValidityPolicy" time="0"/>
  <testcase name="testWrongContentLengthInvalidatesEntry" classname="org.apache.http.impl.client.cache.TestCacheValidityPolicy" time="0"/>
  <testcase name="testProxyRevalidateIsFalseIfDirectiveNotPresent" classname="org.apache.http.impl.client.cache.TestCacheValidityPolicy" time="0"/>
  <testcase name="testResponseIsNotFreshIfCurrentAgeExceedsFreshnessLifetime" classname="org.apache.http.impl.client.cache.TestCacheValidityPolicy" time="0.001"/>
  <testcase name="testHeuristicFreshnessLifetime" classname="org.apache.http.impl.client.cache.TestCacheValidityPolicy" time="0"/>
  <testcase name="testCorrectedReceivedAgeIsApparentAgeIfLarger" classname="org.apache.http.impl.client.cache.TestCacheValidityPolicy" time="0.001"/>
  <testcase name="testMustRevalidateIsTrueWhenDirectiveIsPresent" classname="org.apache.http.impl.client.cache.TestCacheValidityPolicy" time="0"/>
  <testcase name="testMayReturnStaleWhileRevalidatingIsFalseWhenPastStaleness" classname="org.apache.http.impl.client.cache.TestCacheValidityPolicy" time="0.001"/>
  <testcase name="testMayNotReturnStaleIfErrorInResponseAndAfterRequestWindow" classname="org.apache.http.impl.client.cache.TestCacheValidityPolicy" time="0"/>
  <testcase name="testCorrectedReceivedAgeIsAgeHeaderIfLarger" classname="org.apache.http.impl.client.cache.TestCacheValidityPolicy" time="0"/>
  <testcase name="testMayReturnStaleIfErrorInRequestIsTrueWithinStaleness" classname="org.apache.http.impl.client.cache.TestCacheValidityPolicy" time="0"/>
  <testcase name="testMustRevalidateIsFalseIfDirectiveNotPresent" classname="org.apache.http.impl.client.cache.TestCacheValidityPolicy" time="0"/>
  <testcase name="testResponseDelayIsDifferenceBetweenResponseAndRequestTimes" classname="org.apache.http.impl.client.cache.TestCacheValidityPolicy" time="0"/>
  <testcase name="testCacheEntryIsRevalidatableIfHeadersIncludeETag" classname="org.apache.http.impl.client.cache.TestCacheValidityPolicy" time="0"/>
  <testcase name="testMayReturnStaleWhileRevalidatingIsTrueWhenWithinStaleness" classname="org.apache.http.impl.client.cache.TestCacheValidityPolicy" time="0"/>
  <testcase name="testHeuristicFreshnessLifetimeDefaultsProperly" classname="org.apache.http.impl.client.cache.TestCacheValidityPolicy" time="0"/>
  <testcase name="testMayReturnStaleWhileRevalidatingIsFalseWhenDirectiveEmpty" classname="org.apache.http.impl.client.cache.TestCacheValidityPolicy" time="0"/>
  <testcase name="testCorrectedInitialAgeIsCorrectedReceivedAgePlusResponseDelay" classname="org.apache.http.impl.client.cache.TestCacheValidityPolicy" time="0"/>
  <testcase name="testMalformedExpirationDateReturnsNull" classname="org.apache.http.impl.client.cache.TestCacheValidityPolicy" time="0"/>
  <testcase name="testHeuristicFreshnessLifetimeIsNonNegative" classname="org.apache.http.impl.client.cache.TestCacheValidityPolicy" time="0"/>
  <testcase name="testMayReturnStaleWhileRevalidatingIsFalseWhenDirectiveIsAbsent" classname="org.apache.http.impl.client.cache.TestCacheValidityPolicy" time="0"/>
  <testcase name="testMalformedAgeHeaderValueReturnsMaxAge" classname="org.apache.http.impl.client.cache.TestCacheValidityPolicy" time="0"/>
  <testcase name="testFreshnessLifetimeIsMaxAgeIfPresent" classname="org.apache.http.impl.client.cache.TestCacheValidityPolicy" time="0"/>
  <testcase name="testMissingContentLengthDoesntInvalidateEntry" classname="org.apache.http.impl.client.cache.TestCacheValidityPolicy" time="0.001"/>
  <testcase name="testResidentTimeSecondsIsTimeSinceResponseTime" classname="org.apache.http.impl.client.cache.TestCacheValidityPolicy" time="0"/>
  <testcase name="testCurrentAgeIsCorrectedInitialAgePlusResidentTime" classname="org.apache.http.impl.client.cache.TestCacheValidityPolicy" time="0.002"/>
  <testcase name="testCacheEntryIsNotRevalidatableIfNoAppropriateHeaders" classname="org.apache.http.impl.client.cache.TestCacheValidityPolicy" time="0"/>
  <testcase name="testApparentAgeIsResponseReceivedTimeLessDateHeader" classname="org.apache.http.impl.client.cache.TestCacheValidityPolicy" time="0"/>
  <testcase name="testFreshnessLifetimeIsFromExpiresHeaderIfNoMaxAge" classname="org.apache.http.impl.client.cache.TestCacheValidityPolicy" time="0.001"/>
  <testcase name="testNullResourceInvalidatesEntry" classname="org.apache.http.impl.client.cache.TestCacheValidityPolicy" time="0"/>
  <testcase name="testFreshnessLifetimeIsMostRestrictiveOfMaxAgeAndSMaxAge" classname="org.apache.http.impl.client.cache.TestCacheValidityPolicy" time="0"/>
  <testcase name="testFreshnessLifetimeIsSMaxAgeEvenIfExpiresIsPresent" classname="org.apache.http.impl.client.cache.TestCacheValidityPolicy" time="0.001"/>
  <testcase name="testNegativeApparentAgeIsBroughtUpToZero" classname="org.apache.http.impl.client.cache.TestCacheValidityPolicy" time="0"/>
  <testcase name="testMayNotReturnStaleIfErrorInResponseAndAfterResponseWindow" classname="org.apache.http.impl.client.cache.TestCacheValidityPolicy" time="0"/>
  <testcase name="testNegativeAgeHeaderValueReturnsMaxAge" classname="org.apache.http.impl.client.cache.TestCacheValidityPolicy" time="0"/>
  <testcase name="testCacheEntryIsRevalidatableIfHeadersIncludeLastModifiedDate" classname="org.apache.http.impl.client.cache.TestCacheValidityPolicy" time="0"/>
  <testcase name="testResponseIsFreshIfFreshnessLifetimeExceedsCurrentAge" classname="org.apache.http.impl.client.cache.TestCacheValidityPolicy" time="0"/>
</testsuite>