<?xml version="1.0" encoding="UTF-8"?>
<testsuite name="org.apache.http.impl.client.cache.TestProtocolRequirements" time="1.403" tests="232" errors="0" skipped="1" failures="0">
  <properties>
    <property name="java.runtime.name" value="Java(TM) SE Runtime Environment"/>
    <property name="sun.boot.library.path" value="/Library/Java/JavaVirtualMachines/jdk1.8.0_60.jdk/Contents/Home/jre/lib"/>
    <property name="java.vm.version" value="25.60-b23"/>
    <property name="gopherProxySet" value="false"/>
    <property name="java.vm.vendor" value="Oracle Corporation"/>
    <property name="maven.multiModuleProjectDirectory" value="/Users/microlm/CS451_ChessgameProject/ChessGameFrontEnd/httpcomponents-client-4.5.1"/>
    <property name="java.vendor.url" value="http://java.oracle.com/"/>
    <property name="path.separator" value=":"/>
    <property name="guice.disable.misplaced.annotation.check" value="true"/>
    <property name="java.vm.name" value="Java HotSpot(TM) 64-Bit Server VM"/>
    <property name="file.encoding.pkg" value="sun.io"/>
    <property name="user.country" value="US"/>
    <property name="sun.java.launcher" value="SUN_STANDARD"/>
    <property name="sun.os.patch.level" value="unknown"/>
    <property name="java.vm.specification.name" value="Java Virtual Machine Specification"/>
    <property name="user.dir" value="/Users/microlm/CS451_ChessgameProject/ChessGameFrontEnd/httpcomponents-client-4.5.1"/>
    <property name="java.runtime.version" value="1.8.0_60-b27"/>
    <property name="java.awt.graphicsenv" value="sun.awt.CGraphicsEnvironment"/>
    <property name="java.endorsed.dirs" value="/Library/Java/JavaVirtualMachines/jdk1.8.0_60.jdk/Contents/Home/jre/lib/endorsed"/>
    <property name="os.arch" value="x86_64"/>
    <property name="java.io.tmpdir" value="/var/folders/83/f3lm05md4fv4cyfbgfmwbxx80000gn/T/"/>
    <property name="line.separator" value="&#10;"/>
    <property name="java.vm.specification.vendor" value="Oracle Corporation"/>
    <property name="os.name" value="Mac OS X"/>
    <property name="classworlds.conf" value="/Applications/apache-maven-3.3.9/bin/m2.conf"/>
    <property name="sun.jnu.encoding" value="UTF-8"/>
    <property name="java.library.path" value="/Users/microlm/Library/Java/Extensions:/Library/Java/Extensions:/Network/Library/Java/Extensions:/System/Library/Java/Extensions:/usr/lib/java:."/>
    <property name="java.specification.name" value="Java Platform API Specification"/>
    <property name="java.class.version" value="52.0"/>
    <property name="sun.management.compiler" value="HotSpot 64-Bit Tiered Compilers"/>
    <property name="os.version" value="10.10.3"/>
    <property name="http.nonProxyHosts" value="local|*.local|169.254/16|*.169.254/16"/>
    <property name="user.home" value="/Users/microlm"/>
    <property name="user.timezone" value="America/New_York"/>
    <property name="java.awt.printerjob" value="sun.lwawt.macosx.CPrinterJob"/>
    <property name="java.specification.version" value="1.8"/>
    <property name="file.encoding" value="UTF-8"/>
    <property name="user.name" value="microlm"/>
    <property name="java.class.path" value="/Applications/apache-maven-3.3.9/boot/plexus-classworlds-2.5.2.jar"/>
    <property name="java.vm.specification.version" value="1.8"/>
    <property name="sun.arch.data.model" value="64"/>
    <property name="java.home" value="/Library/Java/JavaVirtualMachines/jdk1.8.0_60.jdk/Contents/Home/jre"/>
    <property name="sun.java.command" value="org.codehaus.plexus.classworlds.launcher.Launcher install"/>
    <property name="java.specification.vendor" value="Oracle Corporation"/>
    <property name="user.language" value="en"/>
    <property name="awt.toolkit" value="sun.lwawt.macosx.LWCToolkit"/>
    <property name="java.vm.info" value="mixed mode"/>
    <property name="java.version" value="1.8.0_60"/>
    <property name="java.ext.dirs" value="/Users/microlm/Library/Java/Extensions:/Library/Java/JavaVirtualMachines/jdk1.8.0_60.jdk/Contents/Home/jre/lib/ext:/Library/Java/Extensions:/Network/Library/Java/Extensions:/System/Library/Java/Extensions:/usr/lib/java"/>
    <property name="sun.boot.class.path" value="/Library/Java/JavaVirtualMachines/jdk1.8.0_60.jdk/Contents/Home/jre/lib/resources.jar:/Library/Java/JavaVirtualMachines/jdk1.8.0_60.jdk/Contents/Home/jre/lib/rt.jar:/Library/Java/JavaVirtualMachines/jdk1.8.0_60.jdk/Contents/Home/jre/lib/sunrsasign.jar:/Library/Java/JavaVirtualMachines/jdk1.8.0_60.jdk/Contents/Home/jre/lib/jsse.jar:/Library/Java/JavaVirtualMachines/jdk1.8.0_60.jdk/Contents/Home/jre/lib/jce.jar:/Library/Java/JavaVirtualMachines/jdk1.8.0_60.jdk/Contents/Home/jre/lib/charsets.jar:/Library/Java/JavaVirtualMachines/jdk1.8.0_60.jdk/Contents/Home/jre/lib/jfr.jar:/Library/Java/JavaVirtualMachines/jdk1.8.0_60.jdk/Contents/Home/jre/classes"/>
    <property name="java.vendor" value="Oracle Corporation"/>
    <property name="maven.home" value="/Applications/apache-maven-3.3.9"/>
    <property name="file.separator" value="/"/>
    <property name="java.vendor.url.bug" value="http://bugreport.sun.com/bugreport/"/>
    <property name="sun.cpu.endian" value="little"/>
    <property name="sun.io.unicode.encoding" value="UnicodeBig"/>
    <property name="socksNonProxyHosts" value="local|*.local|169.254/16|*.169.254/16"/>
    <property name="ftp.nonProxyHosts" value="local|*.local|169.254/16|*.169.254/16"/>
    <property name="sun.cpu.isalist" value=""/>
  </properties>
  <testcase name="testMustIncludeProxyAuthenticateHeaderFromAnOrigin407Response" classname="org.apache.http.impl.client.cache.TestProtocolRequirements" time="0.001"/>
  <testcase name="testSharedCacheMayCacheAuthorizedResponsesWithCacheControlPublic" classname="org.apache.http.impl.client.cache.TestProtocolRequirements" time="0.003"/>
  <testcase name="testGenerates504IfCannotRevalidateAMustRevalidateEntry" classname="org.apache.http.impl.client.cache.TestProtocolRequirements" time="0.004"/>
  <testcase name="testCannotCombinePartialResponseIfCacheEntryDoesNotHaveACacheValidator" classname="org.apache.http.impl.client.cache.TestProtocolRequirements" time="0.002"/>
  <testcase name="testResponsesToTRACEsAreNotCached" classname="org.apache.http.impl.client.cache.TestProtocolRequirements" time="0.006"/>
  <testcase name="testOrderOfMultipleContentEncodingHeadersIsPreservedOnResponses" classname="org.apache.http.impl.client.cache.TestProtocolRequirements" time="0.024"/>
  <testcase name="testOrderOfMultipleAllowHeadersIsPreservedOnResponses" classname="org.apache.http.impl.client.cache.TestProtocolRequirements" time="0.004"/>
  <testcase name="testConditionalRequestWhereAllValidatorsMatchMayBeServedFromCache" classname="org.apache.http.impl.client.cache.TestProtocolRequirements" time="0.004"/>
  <testcase name="testHEADResponseWithUpdatedContentMD5FieldMakeACacheEntryStale" classname="org.apache.http.impl.client.cache.TestProtocolRequirements" time="0.005"/>
  <testcase name="testDoesNotModifyContentMD5HeaderOnRequest" classname="org.apache.http.impl.client.cache.TestProtocolRequirements" time="0.002"/>
  <testcase name="test205ResponsesDoNotContainMessageBodies" classname="org.apache.http.impl.client.cache.TestProtocolRequirements" time="0.001"/>
  <testcase name="testDoesNotAddContentLocationToRequestIfNotPresent" classname="org.apache.http.impl.client.cache.TestProtocolRequirements" time="0.001"/>
  <testcase name="testValidationMustUseETagIfProvidedByOriginServer" classname="org.apache.http.impl.client.cache.TestProtocolRequirements" time="0.003"/>
  <testcase name="testTransmitsAgeHeaderIfIncomingAgeHeaderTooBig" classname="org.apache.http.impl.client.cache.TestProtocolRequirements" time="0.002"/>
  <testcase name="testOrderOfMultipleViaHeadersIsPreservedOnRequests" classname="org.apache.http.impl.client.cache.TestProtocolRequirements" time="0.002"/>
  <testcase name="testStripsBadlyDatedWarningsFromForwardedResponses" classname="org.apache.http.impl.client.cache.TestProtocolRequirements" time="0.002"/>
  <testcase name="testDoesNotAddEtagToOriginResponse" classname="org.apache.http.impl.client.cache.TestProtocolRequirements" time="0.001"/>
  <testcase name="testCacheIsNotUsedWhenRespondingToRequestWithCacheControlNoCache" classname="org.apache.http.impl.client.cache.TestProtocolRequirements" time="0.002"/>
  <testcase name="test206ResponseToIfRangeWithStrongValidatorReturnsAllEntityHeaders" classname="org.apache.http.impl.client.cache.TestProtocolRequirements" time="0.002"/>
  <testcase name="test304ResponseGeneratedFromCacheIncludesExpiresCacheControlAndOrVaryIfResponseMightDiffer" classname="org.apache.http.impl.client.cache.TestProtocolRequirements" time="0.004"/>
  <testcase name="testForwardedTRACERequestsDoNotIncludeAnEntity" classname="org.apache.http.impl.client.cache.TestProtocolRequirements" time="0.001"/>
  <testcase name="testUpdatesWarningHeadersOnValidation" classname="org.apache.http.impl.client.cache.TestProtocolRequirements" time="0.002"/>
  <testcase name="testWarnDatesAreAddedToWarningsOnLowerProtocolVersions" classname="org.apache.http.impl.client.cache.TestProtocolRequirements" time="0.002"/>
  <testcase name="test206ContainsContentLocationIfA200ResponseWouldHaveIncludedIt" classname="org.apache.http.impl.client.cache.TestProtocolRequirements" time="0.001"/>
  <testcase name="testRequestsNotExpecting100ContinueBehaviorShouldNotSetExpectContinueHeader" classname="org.apache.http.impl.client.cache.TestProtocolRequirements" time="0.002"/>
  <testcase name="test206ResponseReturnedToClientMustHaveDateHeader" classname="org.apache.http.impl.client.cache.TestProtocolRequirements" time="0.001"/>
  <testcase name="testDoesNotAddContentTypeHeaderToCachedResponseWithNoTransformIfNotPresent" classname="org.apache.http.impl.client.cache.TestProtocolRequirements" time="0.002"/>
  <testcase name="testMustDiscardCachedPartialResponseIfCacheValidatorsDoNotStronglyMatchAndDateHeadersAreEqual" classname="org.apache.http.impl.client.cache.TestProtocolRequirements" time="0.002"/>
  <testcase name="testExpect100ContinueIsNotSentIfThereIsNoRequestBody" classname="org.apache.http.impl.client.cache.TestProtocolRequirements" time="0.002"/>
  <testcase name="testDoesNotForwardOPTIONSWhenMaxForwardsIsZeroOnAbsoluteURIRequest" classname="org.apache.http.impl.client.cache.TestProtocolRequirements" time="0"/>
  <testcase name="testDoesNotAddContentTypeToRequestIfNotPresent" classname="org.apache.http.impl.client.cache.TestProtocolRequirements" time="0.001"/>
  <testcase name="testUnknownHeadersOnResponsesAreForwarded" classname="org.apache.http.impl.client.cache.TestProtocolRequirements" time="0.001"/>
  <testcase name="testOrderOfMultipleContentEncodingHeadersIsPreservedOnRequests" classname="org.apache.http.impl.client.cache.TestProtocolRequirements" time="0.002"/>
  <testcase name="testDoesNotAddLastModifiedToRequestIfNotPresent" classname="org.apache.http.impl.client.cache.TestProtocolRequirements" time="0.001"/>
  <testcase name="test100ContinueResponsesAreNotForwardedTo1_0ClientsWhoDidNotAskForThem" classname="org.apache.http.impl.client.cache.TestProtocolRequirements" time="0.002"/>
  <testcase name="testRequestsWithLowerProtocolVersionsGetUpgradedTo1_1" classname="org.apache.http.impl.client.cache.TestProtocolRequirements" time="0.002"/>
  <testcase name="testOrderOfMultipleAcceptHeaderValuesIsPreservedOnRequests" classname="org.apache.http.impl.client.cache.TestProtocolRequirements" time="0.001"/>
  <testcase name="testDoesNotModifyServerResponseHeader" classname="org.apache.http.impl.client.cache.TestProtocolRequirements" time="0.002"/>
  <testcase name="testDoesNotAddContentEncodingHeaderToCachedResponseWithNoTransformIfNotPresent" classname="org.apache.http.impl.client.cache.TestProtocolRequirements" time="0.001"/>
  <testcase name="testDELETERequestsAreWrittenThroughToOrigin" classname="org.apache.http.impl.client.cache.TestProtocolRequirements" time="0.002"/>
  <testcase name="testMustDiscardLeastRecentPartialResponseIfCacheValidatorsDoNotStronglyMatch" classname="org.apache.http.impl.client.cache.TestProtocolRequirements" time="0.002"/>
  <testcase name="testRemovesWarningHeaderIfAllWarnValuesAreBadlyDated" classname="org.apache.http.impl.client.cache.TestProtocolRequirements" time="0.002"/>
  <testcase name="testPostInvalidatesCacheForThatUriInContentLocationHeader" classname="org.apache.http.impl.client.cache.TestProtocolRequirements" time="0.003"/>
  <testcase name="testDoesNotAddContentTypeHeaderToRequestIfNotPresent" classname="org.apache.http.impl.client.cache.TestProtocolRequirements" time="0.001"/>
  <testcase name="test2xxWarningsAreNotDeletedAfterSuccessfulRevalidation" classname="org.apache.http.impl.client.cache.TestProtocolRequirements" time="0.003"/>
  <testcase name="testNoStoreOnResponseIsNotStoredInCache" classname="org.apache.http.impl.client.cache.TestProtocolRequirements" time="0.001"/>
  <testcase name="test302ResponseWithoutExplicitCacheabilityIsNotReturnedFromCache" classname="org.apache.http.impl.client.cache.TestProtocolRequirements" time="0.002"/>
  <testcase name="testExpiresHeaderMatchesDateIfAddedToCacheHit" classname="org.apache.http.impl.client.cache.TestProtocolRequirements" time="0.002"/>
  <testcase name="testLowerOriginResponsesUpgradedToOurVersion1_1" classname="org.apache.http.impl.client.cache.TestProtocolRequirements" time="0.002"/>
  <testcase name="test206ResponseGeneratedFromCacheMustHaveContentRangeOrMultipartByteRangesContentType" classname="org.apache.http.impl.client.cache.TestProtocolRequirements" time="0.001"/>
  <testcase name="testSharedCacheMustUseNewRequestHeadersWhenRevalidatingAuthorizedResponsesWithMustRevalidate" classname="org.apache.http.impl.client.cache.TestProtocolRequirements" time="0.002"/>
  <testcase name="testProperlyFormattedViaHeaderIsAddedToResponses" classname="org.apache.http.impl.client.cache.TestProtocolRequirements" time="0.003"/>
  <testcase name="testHigher1_XProtocolVersionsDowngradeTo1_1" classname="org.apache.http.impl.client.cache.TestProtocolRequirements" time="0.002"/>
  <testcase name="testExpectHeadersAreForwardedOnRequests" classname="org.apache.http.impl.client.cache.TestProtocolRequirements" time="0"/>
  <testcase name="testCacheMissOnGETUsesOriginResponse" classname="org.apache.http.impl.client.cache.TestProtocolRequirements" time="0.002"/>
  <testcase name="testOrderOfMultipleAcceptCharsetHeadersIsPreservedOnRequests" classname="org.apache.http.impl.client.cache.TestProtocolRequirements" time="0.001"/>
  <testcase name="testDELETEWithIfNoneMatchWeakETagIsNotAllowed" classname="org.apache.http.impl.client.cache.TestProtocolRequirements" time="0"/>
  <testcase name="testDoesNotModifyContentLocationHeaderOnRequest" classname="org.apache.http.impl.client.cache.TestProtocolRequirements" time="0.002"/>
  <testcase name="testPutDoesNotInvalidateCacheForUriInContentLocationHeadersFromOtherHosts" classname="org.apache.http.impl.client.cache.TestProtocolRequirements" time="0.002"/>
  <testcase name="test304ResponseGeneratedFromCacheIncludesContentLocationIfOriginResponseDid" classname="org.apache.http.impl.client.cache.TestProtocolRequirements" time="0.001"/>
  <testcase name="testOrderOfMultipleAcceptEncodingHeadersIsPreservedOnRequests" classname="org.apache.http.impl.client.cache.TestProtocolRequirements" time="0.002"/>
  <testcase name="testHEADResponseWithUpdatedLastModifiedFieldMakeACacheEntryStale" classname="org.apache.http.impl.client.cache.TestProtocolRequirements" time="0.003"/>
  <testcase name="testDeleteInvalidatesCacheForThatUriInLocationHeader" classname="org.apache.http.impl.client.cache.TestProtocolRequirements" time="0.003"/>
  <testcase name="testSubrangeGETWithWeakETagIsNotAllowed" classname="org.apache.http.impl.client.cache.TestProtocolRequirements" time="0.001"/>
  <testcase name="testOrderOfMultipleWWWAuthenticateHeadersIsPreservedOnResponses" classname="org.apache.http.impl.client.cache.TestProtocolRequirements" time="0.001"/>
  <testcase name="testCONNECTRequestsAreWrittenThroughToOrigin" classname="org.apache.http.impl.client.cache.TestProtocolRequirements" time="0.002"/>
  <testcase name="testCachedResponsesWithMissingDateHeadersShouldBeAssignedOne" classname="org.apache.http.impl.client.cache.TestProtocolRequirements" time="0.001"/>
  <testcase name="testExpiresHeaderEqualToDateHeaderIsTreatedAsStale" classname="org.apache.http.impl.client.cache.TestProtocolRequirements" time="0.003"/>
  <testcase name="testDoesNotTransmitNoCacheDirectivesWithFieldsDownstream" classname="org.apache.http.impl.client.cache.TestProtocolRequirements" time="0.001"/>
  <testcase name="testExpiresHeaderMatchesDateIfAddedToOriginResponse" classname="org.apache.http.impl.client.cache.TestProtocolRequirements" time="0.001"/>
  <testcase name="testNoCacheOnFieldIsNotReturnedWithoutRevalidation" classname="org.apache.http.impl.client.cache.TestProtocolRequirements" time="0.002"/>
  <testcase name="test206ResponseIsNotCombinedWithPreviousContentIfETagDoesNotMatch" classname="org.apache.http.impl.client.cache.TestProtocolRequirements" time="0.002"/>
  <testcase name="testSubrangeGETMustUseStrongComparisonForCachedResponse" classname="org.apache.http.impl.client.cache.TestProtocolRequirements" time="0.002"/>
  <testcase name="testOrderOfMultipleWarningHeadersIsPreservedOnRequests" classname="org.apache.http.impl.client.cache.TestProtocolRequirements" time="0.001"/>
  <testcase name="testMustNotAddMultipartByteRangeContentTypeTo416Response" classname="org.apache.http.impl.client.cache.TestProtocolRequirements" time="0.001"/>
  <testcase name="testCacheControlPrivateIsNotCacheableBySharedCache" classname="org.apache.http.impl.client.cache.TestProtocolRequirements" time="0.002"/>
  <testcase name="testOrderOfMultiplePragmaHeadersIsPreservedOnRequests" classname="org.apache.http.impl.client.cache.TestProtocolRequirements" time="0.001"/>
  <testcase name="testSharedCacheMustRevalidateAuthorizedResponsesWhenSMaxAgeIsZero" classname="org.apache.http.impl.client.cache.TestProtocolRequirements" time="0.003"/>
  <testcase name="test206ResponseIsNotCombinedWithPreviousContentIfLastModifiedDoesNotMatch" classname="org.apache.http.impl.client.cache.TestProtocolRequirements" time="0.002"/>
  <testcase name="testPutDoesNotInvalidateCacheForUriInLocationHeadersFromOtherHosts" classname="org.apache.http.impl.client.cache.TestProtocolRequirements" time="0.002"/>
  <testcase name="testMultiHeadersAreSuccessfullyReplacedOn304Validation" classname="org.apache.http.impl.client.cache.TestProtocolRequirements" time="0.003"/>
  <testcase name="testResponsesToPUTsAreNotCached" classname="org.apache.http.impl.client.cache.TestProtocolRequirements" time="0.001"/>
  <testcase name="testCacheWithoutSupportForRangeAndContentRangeHeadersDoesNotCacheA206Response" classname="org.apache.http.impl.client.cache.TestProtocolRequirements" time="0.001"/>
  <testcase name="testNoStoreOnResponseIsNotStoredInCacheEvenWithContraryIndicators" classname="org.apache.http.impl.client.cache.TestProtocolRequirements" time="0.001"/>
  <testcase name="testDoesNotModifyContentLocationHeaderFromOrigin" classname="org.apache.http.impl.client.cache.TestProtocolRequirements" time="0.002"/>
  <testcase name="testOrderOfMultipleViaHeadersIsPreservedOnResponses" classname="org.apache.http.impl.client.cache.TestProtocolRequirements" time="0.001"/>
  <testcase name="testNoCacheCannotSatisfyASubsequentRequestWithoutRevalidationEvenWithContraryIndications" classname="org.apache.http.impl.client.cache.TestProtocolRequirements" time="0.002"/>
  <testcase name="testMustDiscardLeastRecentPartialResponseIfCachedResponseDoesNotHaveCacheValidator" classname="org.apache.http.impl.client.cache.TestProtocolRequirements" time="0.002"/>
  <testcase name="test1xxWarningsAreDeletedAfterSuccessfulRevalidation" classname="org.apache.http.impl.client.cache.TestProtocolRequirements" time="0.002"/>
  <testcase name="testDoesNotAddContentRangeHeaderToCachedResponseWithNoTransformIfNotPresent" classname="org.apache.http.impl.client.cache.TestProtocolRequirements" time="0.002"/>
  <testcase name="testOrderOfMultipleContentEncodingHeaderValuesIsPreserved" classname="org.apache.http.impl.client.cache.TestProtocolRequirements" time="0.002"/>
  <testcase name="testDoesNotAddContentMD5ToRequestIfNotPresent" classname="org.apache.http.impl.client.cache.TestProtocolRequirements" time="0.001"/>
  <testcase name="testDoesNotModifyContentEncodingHeaderOnCachedResponseWithNoTransform" classname="org.apache.http.impl.client.cache.TestProtocolRequirements" time="0.002"/>
  <testcase name="test206ResponseToConditionalRangeRequestDoesNotIncludeOtherEntityHeaders" classname="org.apache.http.impl.client.cache.TestProtocolRequirements" time="0.001"/>
  <testcase name="test206ResponseGeneratedFromCacheMustHaveDateHeader" classname="org.apache.http.impl.client.cache.TestProtocolRequirements" time="0.002"/>
  <testcase name="testDoesNotModifyAllowHeaderWithUnknownMethods" classname="org.apache.http.impl.client.cache.TestProtocolRequirements" time="0.001"/>
  <testcase name="testStaleEntryWithMustRevalidateIsNotUsedWithoutRevalidatingWithOrigin" classname="org.apache.http.impl.client.cache.TestProtocolRequirements" time="0.016"/>
  <testcase name="testOrderOfMultipleCacheControlHeadersIsPreservedOnResponses" classname="org.apache.http.impl.client.cache.TestProtocolRequirements" time="0.003"/>
  <testcase name="testSharedCacheMustUseNewRequestHeadersWhenRevalidatingAuthorizedResponsesWithSMaxAge" classname="org.apache.http.impl.client.cache.TestProtocolRequirements" time="0.003"/>
  <testcase name="testPutInvalidatesCacheForThatUriInRelativeContentLocationHeader" classname="org.apache.http.impl.client.cache.TestProtocolRequirements" time="0.005"/>
  <testcase name="testNoStoreOnRequestIsNotStoredInCacheEvenIfResponseMarkedCacheable" classname="org.apache.http.impl.client.cache.TestProtocolRequirements" time="0.001"/>
  <testcase name="testMustReturnAFreshEnoughCacheEntryIfItHasIt" classname="org.apache.http.impl.client.cache.TestProtocolRequirements" time="0.001"/>
  <testcase name="testDoesNotModifyContentLocationFromOriginOnCacheHit" classname="org.apache.http.impl.client.cache.TestProtocolRequirements" time="0.002"/>
  <testcase name="testPutInvalidatesCacheForThatUriInLocationHeader" classname="org.apache.http.impl.client.cache.TestProtocolRequirements" time="0.002"/>
  <testcase name="testUnknownHeadersOnRequestsAreForwarded" classname="org.apache.http.impl.client.cache.TestProtocolRequirements" time="0.002"/>
  <testcase name="testOrderOfMultipleCacheControlHeadersIsPreservedOnRequests" classname="org.apache.http.impl.client.cache.TestProtocolRequirements" time="0.001"/>
  <testcase name="testIncompleteResponseMustNotBeReturnedToClientWithoutMarkingItAs206" classname="org.apache.http.impl.client.cache.TestProtocolRequirements" time="0.002"/>
  <testcase name="testDoesNotModifyLastModifiedFromOriginOnCacheHit" classname="org.apache.http.impl.client.cache.TestProtocolRequirements" time="0.001"/>
  <testcase name="testDoesNotAddContentRangeHeaderToRequestIfNotPresent" classname="org.apache.http.impl.client.cache.TestProtocolRequirements" time="0.001"/>
  <testcase name="testDELETEWithIfMatchWeakETagIsNotAllowed" classname="org.apache.http.impl.client.cache.TestProtocolRequirements" time="0.001"/>
  <testcase name="testDoesNotModifyContentMD5HeaderFromOrigin" classname="org.apache.http.impl.client.cache.TestProtocolRequirements" time="0.001"/>
  <testcase name="test303ResponsesAreNotCached" classname="org.apache.http.impl.client.cache.TestProtocolRequirements" time="0.001"/>
  <testcase name="testResponsesToDELETEsAreNotCached" classname="org.apache.http.impl.client.cache.TestProtocolRequirements" time="0.001"/>
  <testcase name="testConditionalRequestWhereNotAllValidatorsMatchCannotBeServedFromCache" classname="org.apache.http.impl.client.cache.TestProtocolRequirements" time="0.002"/>
  <testcase name="testMustDiscardLeastRecentPartialResponseIfIncomingRequestDoesNotHaveCacheValidator" classname="org.apache.http.impl.client.cache.TestProtocolRequirements" time="0.002"/>
  <testcase name="testCacheIsNotUsedWhenRespondingToRequestWithPragmaNoCache" classname="org.apache.http.impl.client.cache.TestProtocolRequirements" time="0.002"/>
  <testcase name="testOrderOfMultiplePragmaHeadersIsPreservedOnResponses" classname="org.apache.http.impl.client.cache.TestProtocolRequirements" time="0.001"/>
  <testcase name="testCannotCombinePartialResponseIfCacheValidatorsDoNotStronglyMatch" classname="org.apache.http.impl.client.cache.TestProtocolRequirements" time="0.002"/>
  <testcase name="testDoesNotModifyExpiresHeaderFromOrigin" classname="org.apache.http.impl.client.cache.TestProtocolRequirements" time="0.001"/>
  <testcase name="testExpiresZeroHeaderIsTreatedAsStale" classname="org.apache.http.impl.client.cache.TestProtocolRequirements" time="0.002"/>
  <testcase name="testPUTWithIfNoneMatchWeakETagIsNotAllowed" classname="org.apache.http.impl.client.cache.TestProtocolRequirements" time="0.002"/>
  <testcase name="testResponseToAHEADRequestMustNotHaveABody" classname="org.apache.http.impl.client.cache.TestProtocolRequirements" time="0.002"/>
  <testcase name="testOrderOfMultipleExpectHeadersIsPreservedOnRequests" classname="org.apache.http.impl.client.cache.TestProtocolRequirements" time="0.002"/>
  <testcase name="testUnknownResponseStatusCodesAreNotCached" classname="org.apache.http.impl.client.cache.TestProtocolRequirements" time="0.907"/>
  <testcase name="testDoesNotAddContentRangeToRequestIfNotPresent" classname="org.apache.http.impl.client.cache.TestProtocolRequirements" time="0.002"/>
  <testcase name="testDoesNotAddContentLocationToOriginResponse" classname="org.apache.http.impl.client.cache.TestProtocolRequirements" time="0.002"/>
  <testcase name="testHEADResponseWithUpdatedContentLengthFieldMakeACacheEntryStale" classname="org.apache.http.impl.client.cache.TestProtocolRequirements" time="0.004"/>
  <testcase name="testDoesNotModifyContentRangeHeaderOnCachedResponseWithNoTransform" classname="org.apache.http.impl.client.cache.TestProtocolRequirements" time="0.002"/>
  <testcase name="testDoesNotAddContentMD5ToOriginResponse" classname="org.apache.http.impl.client.cache.TestProtocolRequirements" time="0.002"/>
  <testcase name="testDoesNotAddETagHeaderOnCacheHit" classname="org.apache.http.impl.client.cache.TestProtocolRequirements" time="0.002"/>
  <testcase name="testAgeHeaderPopulatedFromCacheEntryCurrentAge" classname="org.apache.http.impl.client.cache.TestProtocolRequirements" time="0.001"/>
  <testcase name="testViaHeaderOnResponseProperlyRecordsOriginProtocol" classname="org.apache.http.impl.client.cache.TestProtocolRequirements" time="0.002"/>
  <testcase name="testMustServeAppropriateErrorOrWarningIfNoOriginCommunicationPossible" classname="org.apache.http.impl.client.cache.TestProtocolRequirements" time="0.001"/>
  <testcase name="test206ResponseGeneratedFromCacheMustHaveABodyThatMatchesContentLengthHeaderIfPresent" classname="org.apache.http.impl.client.cache.TestProtocolRequirements" time="0.002"/>
  <testcase name="testPostDoesNotInvalidateCacheForUriInContentLocationHeadersFromOtherHosts" classname="org.apache.http.impl.client.cache.TestProtocolRequirements" time="0.002"/>
  <testcase name="testNonmatchingVariantCannotBeServedFromCacheUnlessConditionallyValidated" classname="org.apache.http.impl.client.cache.TestProtocolRequirements" time="0.005"/>
  <testcase name="test304ResponseGeneratedFromCacheIncludesEtagIfOriginResponseDid" classname="org.apache.http.impl.client.cache.TestProtocolRequirements" time="0.003"/>
  <testcase name="testForwardsUnknownHeadersOnRequestsFromHigherProtocolVersions" classname="org.apache.http.impl.client.cache.TestProtocolRequirements" time="0.001"/>
  <testcase name="testWarning110IsAddedToStaleResponses" classname="org.apache.http.impl.client.cache.TestProtocolRequirements" time="0.002"/>
  <testcase name="testPOSTRequestsAreWrittenThroughToOrigin" classname="org.apache.http.impl.client.cache.TestProtocolRequirements" time="0.001"/>
  <testcase name="testGenerates504IfSharedCacheCannotRevalidateAProxyRevalidateEntry" classname="org.apache.http.impl.client.cache.TestProtocolRequirements" time="0.002"/>
  <testcase name="testDoesNotModifyETagHeaderOnRequest" classname="org.apache.http.impl.client.cache.TestProtocolRequirements" time="0.001"/>
  <testcase name="testPUTRequestsAreWrittenThroughToOrigin" classname="org.apache.http.impl.client.cache.TestProtocolRequirements" time="0.001"/>
  <testcase name="testMalformedExpiresHeaderIsTreatedAsStale" classname="org.apache.http.impl.client.cache.TestProtocolRequirements" time="0.003"/>
  <testcase name="testDoesNotAddETagToRequestIfNotPresent" classname="org.apache.http.impl.client.cache.TestProtocolRequirements" time="0.001"/>
  <testcase name="test304ResponseGeneratedFromCacheIncludesDateHeader" classname="org.apache.http.impl.client.cache.TestProtocolRequirements" time="0.002"/>
  <testcase name="testSharedCacheMayCacheAuthorizedResponsesWithMustRevalidate" classname="org.apache.http.impl.client.cache.TestProtocolRequirements" time="0.003"/>
  <testcase name="testStaleEntryWithProxyRevalidateOnSharedCacheIsNotUsedWithoutRevalidatingWithOrigin" classname="org.apache.http.impl.client.cache.TestProtocolRequirements" time="0.003"/>
  <testcase name="testCannotServeFromCacheForVaryStar" classname="org.apache.http.impl.client.cache.TestProtocolRequirements" time="0.002"/>
  <testcase name="test206ResponsesAreNotCachedIfTheCacheDoesNotSupportRangeAndContentRangeHeaders" classname="org.apache.http.impl.client.cache.TestProtocolRequirements" time="0.002"/>
  <testcase name="test204ResponsesDoNotContainMessageBodies" classname="org.apache.http.impl.client.cache.TestProtocolRequirements" time="0.001"/>
  <testcase name="testDoesNotAddContentTypeHeaderToOriginResponseWithNoTransformIfNotPresent" classname="org.apache.http.impl.client.cache.TestProtocolRequirements" time="0.001"/>
  <testcase name="testOrderOfMultipleTransferEncodingsInSingleHeadersIsPreserved" classname="org.apache.http.impl.client.cache.TestProtocolRequirements" time="0.002"/>
  <testcase name="testPutInvalidatesCacheForThatUriInContentLocationHeader" classname="org.apache.http.impl.client.cache.TestProtocolRequirements" time="0.003"/>
  <testcase name="testUnknownMethodRequestsAreWrittenThroughToOrigin" classname="org.apache.http.impl.client.cache.TestProtocolRequirements" time="0.001"/>
  <testcase name="testDoesNotAddAMaxForwardsHeaderToForwardedOPTIONSRequests" classname="org.apache.http.impl.client.cache.TestProtocolRequirements" time="0.002"/>
  <testcase name="testDeleteInvalidatesCacheForThatUriInRelativeContentLocationHeader" classname="org.apache.http.impl.client.cache.TestProtocolRequirements" time="0.003"/>
  <testcase name="testStripsBadlyDatedWarningsFromStoredResponses" classname="org.apache.http.impl.client.cache.TestProtocolRequirements" time="0.001"/>
  <testcase name="testCannotCombinePartialResponseIfIncomingResponseDoesNotHaveACacheValidator" classname="org.apache.http.impl.client.cache.TestProtocolRequirements" time="0.002"/>
  <testcase name="testDeleteDoesNotInvalidateCacheForUriInLocationHeadersFromOtherHosts" classname="org.apache.http.impl.client.cache.TestProtocolRequirements" time="0.002"/>
  <testcase name="test304GeneratedFromCacheOnWeakValidatorDoesNotIncludeOtherEntityHeaders" classname="org.apache.http.impl.client.cache.TestProtocolRequirements" time="0.002"/>
  <testcase name="testPUTWithIfMatchWeakETagIsNotAllowed" classname="org.apache.http.impl.client.cache.TestProtocolRequirements" time="0.001"/>
  <testcase name="testOrderOfMultipleTransferEncodingHeadersIsPreserved" classname="org.apache.http.impl.client.cache.TestProtocolRequirements" time="0.001"/>
  <testcase name="testDoesNotAddContentEncodingHeaderToOriginResponseWithNoTransformIfNotPresent" classname="org.apache.http.impl.client.cache.TestProtocolRequirements" time="0.001"/>
  <testcase name="testDoesNotModifyContentTypeHeaderFromOriginResponseWithNoTransform" classname="org.apache.http.impl.client.cache.TestProtocolRequirements" time="0.002"/>
  <testcase name="testOrderOfMultipleContentLanguageHeadersIsPreservedOnResponses" classname="org.apache.http.impl.client.cache.TestProtocolRequirements" time="0.001"/>
  <testcase name="testHEADResponseWithUpdatedETagFieldMakeACacheEntryStale" classname="org.apache.http.impl.client.cache.TestProtocolRequirements" time="0.016"/>
  <testcase name="testDoesNotAddLastModifiedToOriginResponse" classname="org.apache.http.impl.client.cache.TestProtocolRequirements" time="0.002"/>
  <testcase name="testPostDoesNotInvalidateCacheForUriInLocationHeadersFromOtherHosts" classname="org.apache.http.impl.client.cache.TestProtocolRequirements" time="0.007"/>
  <testcase name="testDeleteToUriInvalidatesCacheForThatUri" classname="org.apache.http.impl.client.cache.TestProtocolRequirements" time="0.005"/>
  <testcase name="testDoesNotModifyLastModifiedHeaderFromOrigin" classname="org.apache.http.impl.client.cache.TestProtocolRequirements" time="0.002"/>
  <testcase name="test200ResponseToOPTIONSWithNoBodyShouldIncludeContentLengthZero" classname="org.apache.http.impl.client.cache.TestProtocolRequirements" time="0.002"/>
  <testcase name="testUpdatedEndToEndHeadersFrom304ArePassedOnResponseAndUpdatedInCacheEntry" classname="org.apache.http.impl.client.cache.TestProtocolRequirements" time="0.003"/>
  <testcase name="testDoesNotModifyContentMD5FromOriginOnCacheHit" classname="org.apache.http.impl.client.cache.TestProtocolRequirements" time="0.001"/>
  <testcase name="testPostInvalidatesCacheForThatUriInLocationHeader" classname="org.apache.http.impl.client.cache.TestProtocolRequirements" time="0.003"/>
  <testcase name="testAttachesWarningHeaderWhenGeneratingStaleResponse" classname="org.apache.http.impl.client.cache.TestProtocolRequirements" time="0"/>
  <testcase name="testMustDiscardLeastRecentPartialResponseIfCacheValidatorsDoNotStronglyMatchEvenIfResponsesOutOfOrder" classname="org.apache.http.impl.client.cache.TestProtocolRequirements" time="0.002"/>
  <testcase name="testHigherMajorProtocolVersionsOnRequestSwitchToTunnelBehavior" classname="org.apache.http.impl.client.cache.TestProtocolRequirements" time="0.001"/>
  <testcase name="testDoesNotAddContentLocationHeaderOnCacheHit" classname="org.apache.http.impl.client.cache.TestProtocolRequirements" time="0.002"/>
  <testcase name="testDoesNotAddContentMD5HeaderOnCacheHit" classname="org.apache.http.impl.client.cache.TestProtocolRequirements" time="0.001"/>
  <testcase name="testPostToUriInvalidatesCacheForThatUri" classname="org.apache.http.impl.client.cache.TestProtocolRequirements" time="0.003"/>
  <testcase name="testOPTIONSRequestsAreWrittenThroughToOrigin" classname="org.apache.http.impl.client.cache.TestProtocolRequirements" time="0">
    <skipped/>
  </testcase>
  <testcase name="test304ResponseWithDateHeaderForwardedFromOriginIncludesDateHeader" classname="org.apache.http.impl.client.cache.TestProtocolRequirements" time="0.001"/>
  <testcase name="testMustReturnACacheEntryIfItCanRevalidateIt" classname="org.apache.http.impl.client.cache.TestProtocolRequirements" time="0.002"/>
  <testcase name="testNoStoreOnRequestIsNotStoredInCache" classname="org.apache.http.impl.client.cache.TestProtocolRequirements" time="0.001"/>
  <testcase name="testDeleteDoesNotInvalidateCacheForUriInContentLocationHeadersFromOtherHosts" classname="org.apache.http.impl.client.cache.TestProtocolRequirements" time="0.002"/>
  <testcase name="testHeuristicCacheOlderThan24HoursHasWarningAttached" classname="org.apache.http.impl.client.cache.TestProtocolRequirements" time="0.001"/>
  <testcase name="testPostInvalidatesCacheForRelativeUriInContentLocationHeader" classname="org.apache.http.impl.client.cache.TestProtocolRequirements" time="0.002"/>
  <testcase name="testDoesNotModifyContentEncodingHeaderFromOriginResponseWithNoTransform" classname="org.apache.http.impl.client.cache.TestProtocolRequirements" time="0.001"/>
  <testcase name="testDoesNotModifyContentRangeHeaderFromOriginResponseWithNoTransform" classname="org.apache.http.impl.client.cache.TestProtocolRequirements" time="0.001"/>
  <testcase name="testTransferCodingsAreNotSentToAnHTTP_1_0Client" classname="org.apache.http.impl.client.cache.TestProtocolRequirements" time="0.002"/>
  <testcase name="testDoesNotAddContentEncodingHeaderToRequestIfNotPresent" classname="org.apache.http.impl.client.cache.TestProtocolRequirements" time="0.001"/>
  <testcase name="testOrderOfMultipleContentLanguageHeadersIsPreservedOnRequests" classname="org.apache.http.impl.client.cache.TestProtocolRequirements" time="0.001"/>
  <testcase name="testNotModifiedOfNonCachedEntityShouldRevalidateWithUnconditionalGET" classname="org.apache.http.impl.client.cache.TestProtocolRequirements" time="0.002"/>
  <testcase name="testCacheControlPrivateOnFieldIsNotReturnedBySharedCache" classname="org.apache.http.impl.client.cache.TestProtocolRequirements" time="0.002"/>
  <testcase name="testDoesNotModifyExpiresHeaderFromOriginOnCacheHit" classname="org.apache.http.impl.client.cache.TestProtocolRequirements" time="0.001"/>
  <testcase name="testCacheEntryIsUpdatedWithNewFieldValuesIn304Response" classname="org.apache.http.impl.client.cache.TestProtocolRequirements" time="0.002"/>
  <testcase name="testDoesNotModifyContentTypeHeaderOnCachedResponseWithNoTransform" classname="org.apache.http.impl.client.cache.TestProtocolRequirements" time="0.002"/>
  <testcase name="testDoesNotAddContentEncodingToRequestIfNotPresent" classname="org.apache.http.impl.client.cache.TestProtocolRequirements" time="0.001"/>
  <testcase name="testNoCacheCannotSatisfyASubsequentRequestWithoutRevalidation" classname="org.apache.http.impl.client.cache.TestProtocolRequirements" time="0.001"/>
  <testcase name="testMustIncludeAllowHeaderFromAnOrigin405Response" classname="org.apache.http.impl.client.cache.TestProtocolRequirements" time="0.001"/>
  <testcase name="testDoesNotModifyLastModifiedHeaderOnRequest" classname="org.apache.http.impl.client.cache.TestProtocolRequirements" time="0.001"/>
  <testcase name="testResponsesToPOSTWithoutCacheControlOrExpiresAreNotCached" classname="org.apache.http.impl.client.cache.TestProtocolRequirements" time="0.001"/>
  <testcase name="testVaryStarIsNotGeneratedByProxy" classname="org.apache.http.impl.client.cache.TestProtocolRequirements" time="0.002"/>
  <testcase name="testDoesNotModifyEtagFromOriginOnCacheHit" classname="org.apache.http.impl.client.cache.TestProtocolRequirements" time="0.001"/>
  <testcase name="testViaHeaderOnRequestProperlyRecordsClientProtocol" classname="org.apache.http.impl.client.cache.TestProtocolRequirements" time="0.002"/>
  <testcase name="testTRACERequestsAreWrittenThroughToOrigin" classname="org.apache.http.impl.client.cache.TestProtocolRequirements" time="0.001"/>
  <testcase name="testDecrementsMaxForwardsWhenForwardingOPTIONSRequest" classname="org.apache.http.impl.client.cache.TestProtocolRequirements" time="0.002"/>
  <testcase name="testMustIncludeWWWAuthenticateHeaderOnAnOrigin401Response" classname="org.apache.http.impl.client.cache.TestProtocolRequirements" time="0.001"/>
  <testcase name="testRetainsWarningHeadersReceivedFromUpstream" classname="org.apache.http.impl.client.cache.TestProtocolRequirements" time="0.001"/>
  <testcase name="testOrderOfMultipleAllowHeadersIsPreservedOnRequests" classname="org.apache.http.impl.client.cache.TestProtocolRequirements" time="0.001"/>
  <testcase name="testPutToUriInvalidatesCacheForThatUri" classname="org.apache.http.impl.client.cache.TestProtocolRequirements" time="0.002"/>
  <testcase name="testDeleteInvalidatesCacheForThatUriInContentLocationHeader" classname="org.apache.http.impl.client.cache.TestProtocolRequirements" time="0.002"/>
  <testcase name="testProperlyFormattedViaHeaderIsAddedToRequests" classname="org.apache.http.impl.client.cache.TestProtocolRequirements" time="0.027"/>
  <testcase name="testRequestsExpecting100ContinueBehaviorShouldSetExpectHeader" classname="org.apache.http.impl.client.cache.TestProtocolRequirements" time="0.001"/>
  <testcase name="testResponsesToOPTIONSAreNotCacheable" classname="org.apache.http.impl.client.cache.TestProtocolRequirements" time="0.001"/>
  <testcase name="testCannotUseVariantCacheEntryIfNotAllSelectingRequestHeadersMatch" classname="org.apache.http.impl.client.cache.TestProtocolRequirements" time="0.002"/>
  <testcase name="testOrderOfMultipleParametersInContentEncodingHeaderIsPreserved" classname="org.apache.http.impl.client.cache.TestProtocolRequirements" time="0.001"/>
  <testcase name="testDoesNotAddLastModifiedHeaderOnCacheHit" classname="org.apache.http.impl.client.cache.TestProtocolRequirements" time="0.002"/>
  <testcase name="test206ResponseIncludesVariantHeadersIfValueMightDiffer" classname="org.apache.http.impl.client.cache.TestProtocolRequirements" time="0.002"/>
  <testcase name="testSharedCacheMustNotNormallyCacheAuthorizedResponses" classname="org.apache.http.impl.client.cache.TestProtocolRequirements" time="0.001"/>
  <testcase name="testKeepsMostRecentDateHeaderForFreshResponse" classname="org.apache.http.impl.client.cache.TestProtocolRequirements" time="0.001"/>
  <testcase name="testDoesNotModifyEtagHeaderFromOrigin" classname="org.apache.http.impl.client.cache.TestProtocolRequirements" time="0.002"/>
  <testcase name="testResponseToA1_0RequestShouldUse1_1" classname="org.apache.http.impl.client.cache.TestProtocolRequirements" time="0.005"/>
  <testcase name="testOrderOfMultipleAcceptLanguageHeadersIsPreservedOnRequests" classname="org.apache.http.impl.client.cache.TestProtocolRequirements" time="0.001"/>
  <testcase name="test304ResponseDoesNotContainABody" classname="org.apache.http.impl.client.cache.TestProtocolRequirements" time="0.001"/>
  <testcase name="testSharedCacheMayCacheAuthorizedResponsesWithSMaxAgeHeader" classname="org.apache.http.impl.client.cache.TestProtocolRequirements" time="0.003"/>
  <testcase name="testDoesNotAddContentRangeHeaderToOriginResponseWithNoTransformIfNotPresent" classname="org.apache.http.impl.client.cache.TestProtocolRequirements" time="0.001"/>
  <testcase name="testCacheDoesNotAssumeContentLocationHeaderIndicatesAnotherCacheableResource" classname="org.apache.http.impl.client.cache.TestProtocolRequirements" time="0.002"/>
  <testcase name="test206ContainsETagIfA200ResponseWouldHaveIncludedIt" classname="org.apache.http.impl.client.cache.TestProtocolRequirements" time="0.002"/>
  <testcase name="testResponseIncludesCacheEntryEndToEndHeadersForResponseAfter304Validation" classname="org.apache.http.impl.client.cache.TestProtocolRequirements" time="0.002"/>
  <testcase name="testMustNotUseMultipartByteRangeContentTypeOnCacheGenerated416Responses" classname="org.apache.http.impl.client.cache.TestProtocolRequirements" time="0.002"/>
</testsuite>