<?xml version="1.0" encoding="UTF-8"?>
<testsuite name="org.apache.http.impl.client.cache.TestProtocolRecommendations" time="0.326" tests="87" errors="0" skipped="0" failures="0">
  <properties>
    <property name="java.runtime.name" value="Java(TM) SE Runtime Environment"/>
    <property name="sun.boot.library.path" value="/Library/Java/JavaVirtualMachines/jdk1.8.0_60.jdk/Contents/Home/jre/lib"/>
    <property name="java.vm.version" value="25.60-b23"/>
    <property name="gopherProxySet" value="false"/>
    <property name="java.vm.vendor" value="Oracle Corporation"/>
    <property name="maven.multiModuleProjectDirectory" value="/Users/microlm/CS451_ChessgameProject/ChessGameFrontEnd/httpcomponents-client-4.5.1"/>
    <property name="java.vendor.url" value="http://java.oracle.com/"/>
    <property name="path.separator" value=":"/>
    <property name="guice.disable.misplaced.annotation.check" value="true"/>
    <property name="java.vm.name" value="Java HotSpot(TM) 64-Bit Server VM"/>
    <property name="file.encoding.pkg" value="sun.io"/>
    <property name="user.country" value="US"/>
    <property name="sun.java.launcher" value="SUN_STANDARD"/>
    <property name="sun.os.patch.level" value="unknown"/>
    <property name="java.vm.specification.name" value="Java Virtual Machine Specification"/>
    <property name="user.dir" value="/Users/microlm/CS451_ChessgameProject/ChessGameFrontEnd/httpcomponents-client-4.5.1"/>
    <property name="java.runtime.version" value="1.8.0_60-b27"/>
    <property name="java.awt.graphicsenv" value="sun.awt.CGraphicsEnvironment"/>
    <property name="java.endorsed.dirs" value="/Library/Java/JavaVirtualMachines/jdk1.8.0_60.jdk/Contents/Home/jre/lib/endorsed"/>
    <property name="os.arch" value="x86_64"/>
    <property name="java.io.tmpdir" value="/var/folders/83/f3lm05md4fv4cyfbgfmwbxx80000gn/T/"/>
    <property name="line.separator" value="&#10;"/>
    <property name="java.vm.specification.vendor" value="Oracle Corporation"/>
    <property name="os.name" value="Mac OS X"/>
    <property name="classworlds.conf" value="/Applications/apache-maven-3.3.9/bin/m2.conf"/>
    <property name="sun.jnu.encoding" value="UTF-8"/>
    <property name="java.library.path" value="/Users/microlm/Library/Java/Extensions:/Library/Java/Extensions:/Network/Library/Java/Extensions:/System/Library/Java/Extensions:/usr/lib/java:."/>
    <property name="java.specification.name" value="Java Platform API Specification"/>
    <property name="java.class.version" value="52.0"/>
    <property name="sun.management.compiler" value="HotSpot 64-Bit Tiered Compilers"/>
    <property name="os.version" value="10.10.3"/>
    <property name="http.nonProxyHosts" value="local|*.local|169.254/16|*.169.254/16"/>
    <property name="user.home" value="/Users/microlm"/>
    <property name="user.timezone" value="America/New_York"/>
    <property name="java.awt.printerjob" value="sun.lwawt.macosx.CPrinterJob"/>
    <property name="java.specification.version" value="1.8"/>
    <property name="file.encoding" value="UTF-8"/>
    <property name="user.name" value="microlm"/>
    <property name="java.class.path" value="/Applications/apache-maven-3.3.9/boot/plexus-classworlds-2.5.2.jar"/>
    <property name="java.vm.specification.version" value="1.8"/>
    <property name="sun.arch.data.model" value="64"/>
    <property name="java.home" value="/Library/Java/JavaVirtualMachines/jdk1.8.0_60.jdk/Contents/Home/jre"/>
    <property name="sun.java.command" value="org.codehaus.plexus.classworlds.launcher.Launcher install"/>
    <property name="java.specification.vendor" value="Oracle Corporation"/>
    <property name="user.language" value="en"/>
    <property name="awt.toolkit" value="sun.lwawt.macosx.LWCToolkit"/>
    <property name="java.vm.info" value="mixed mode"/>
    <property name="java.version" value="1.8.0_60"/>
    <property name="java.ext.dirs" value="/Users/microlm/Library/Java/Extensions:/Library/Java/JavaVirtualMachines/jdk1.8.0_60.jdk/Contents/Home/jre/lib/ext:/Library/Java/Extensions:/Network/Library/Java/Extensions:/System/Library/Java/Extensions:/usr/lib/java"/>
    <property name="sun.boot.class.path" value="/Library/Java/JavaVirtualMachines/jdk1.8.0_60.jdk/Contents/Home/jre/lib/resources.jar:/Library/Java/JavaVirtualMachines/jdk1.8.0_60.jdk/Contents/Home/jre/lib/rt.jar:/Library/Java/JavaVirtualMachines/jdk1.8.0_60.jdk/Contents/Home/jre/lib/sunrsasign.jar:/Library/Java/JavaVirtualMachines/jdk1.8.0_60.jdk/Contents/Home/jre/lib/jsse.jar:/Library/Java/JavaVirtualMachines/jdk1.8.0_60.jdk/Contents/Home/jre/lib/jce.jar:/Library/Java/JavaVirtualMachines/jdk1.8.0_60.jdk/Contents/Home/jre/lib/charsets.jar:/Library/Java/JavaVirtualMachines/jdk1.8.0_60.jdk/Contents/Home/jre/lib/jfr.jar:/Library/Java/JavaVirtualMachines/jdk1.8.0_60.jdk/Contents/Home/jre/classes"/>
    <property name="java.vendor" value="Oracle Corporation"/>
    <property name="maven.home" value="/Applications/apache-maven-3.3.9"/>
    <property name="file.separator" value="/"/>
    <property name="java.vendor.url.bug" value="http://bugreport.sun.com/bugreport/"/>
    <property name="sun.cpu.endian" value="little"/>
    <property name="sun.io.unicode.encoding" value="UnicodeBig"/>
    <property name="socksNonProxyHosts" value="local|*.local|169.254/16|*.169.254/16"/>
    <property name="ftp.nonProxyHosts" value="local|*.local|169.254/16|*.169.254/16"/>
    <property name="sun.cpu.isalist" value=""/>
  </properties>
  <testcase name="testDoesNotModifyLocationOnResponses" classname="org.apache.http.impl.client.cache.TestProtocolRecommendations" time="0.002"/>
  <testcase name="shouldStripContentLengthFromOrigin304ResponseToStrongValidation" classname="org.apache.http.impl.client.cache.TestProtocolRecommendations" time="0.004"/>
  <testcase name="testDoesNotAddNewWarningHeaderIfResponseArrivesStale" classname="org.apache.http.impl.client.cache.TestProtocolRecommendations" time="0.038"/>
  <testcase name="testForwardsExistingWarningHeadersOnResponseThatArrivesStale" classname="org.apache.http.impl.client.cache.TestProtocolRecommendations" time="0.016"/>
  <testcase name="testUsesBothLastModifiedAndETagForConditionalRequestsIfAvailable" classname="org.apache.http.impl.client.cache.TestProtocolRecommendations" time="0.003"/>
  <testcase name="testRevalidatesCachedResponseWithExpirationInThePast" classname="org.apache.http.impl.client.cache.TestProtocolRecommendations" time="0.003"/>
  <testcase name="returns504ForStaleEntryWithOnlyIfCached" classname="org.apache.http.impl.client.cache.TestProtocolRecommendations" time="0.002"/>
  <testcase name="shouldStripContentEncodingFromOrigin304ResponseToStrongValidation" classname="org.apache.http.impl.client.cache.TestProtocolRecommendations" time="0.002"/>
  <testcase name="testDoesNotModifyExtensionHeaderOnResponses" classname="org.apache.http.impl.client.cache.TestProtocolRecommendations" time="0.002"/>
  <testcase name="responseToGetWithQueryFrom1_0OriginAndNoExpiresIsNotCached" classname="org.apache.http.impl.client.cache.TestProtocolRecommendations" time="0.002"/>
  <testcase name="testDoesNotModifyAcceptRangesOnResponses" classname="org.apache.http.impl.client.cache.TestProtocolRecommendations" time="0.001"/>
  <testcase name="cacheGenerated304ForStrongValidatorShouldNotContainContentMD5" classname="org.apache.http.impl.client.cache.TestProtocolRecommendations" time="0.002"/>
  <testcase name="testDoesNotModifyIfNoneMatchOnRequests" classname="org.apache.http.impl.client.cache.TestProtocolRecommendations" time="0.002"/>
  <testcase name="testDoesNotModifyContentTypeOnRequests" classname="org.apache.http.impl.client.cache.TestProtocolRecommendations" time="0.001"/>
  <testcase name="testDoesNotReturnStaleResponseIfClientExplicitlyRequestsFirstHandOneWithCacheControl" classname="org.apache.http.impl.client.cache.TestProtocolRecommendations" time="0.002"/>
  <testcase name="cacheGenerated304ForStrongDateValidatorShouldNotContainContentLanguage" classname="org.apache.http.impl.client.cache.TestProtocolRecommendations" time="0.002"/>
  <testcase name="testDoesNotModifyRefererOnRequests" classname="org.apache.http.impl.client.cache.TestProtocolRecommendations" time="0.002"/>
  <testcase name="testResponseToExistingVariantsUpdatesEntry" classname="org.apache.http.impl.client.cache.TestProtocolRecommendations" time="0.004"/>
  <testcase name="testDoesNotReturnStaleResponseIfClientExplicitlyRequestsFirstHandOneWithPragma" classname="org.apache.http.impl.client.cache.TestProtocolRecommendations" time="0.002"/>
  <testcase name="testDoesNotModifyContentRangeOnResponses" classname="org.apache.http.impl.client.cache.TestProtocolRecommendations" time="0.001"/>
  <testcase name="issues304EvenWithWeakETag" classname="org.apache.http.impl.client.cache.TestProtocolRecommendations" time="0.002"/>
  <testcase name="cacheGenerated304ForStrongDateValidatorShouldNotContainContentType" classname="org.apache.http.impl.client.cache.TestProtocolRecommendations" time="0.002"/>
  <testcase name="testDoesNotModifyExtensionHeaderOnRequests" classname="org.apache.http.impl.client.cache.TestProtocolRecommendations" time="0.002"/>
  <testcase name="cacheGenerated304ForStrongEtagValidatorShouldNotContainContentEncoding" classname="org.apache.http.impl.client.cache.TestProtocolRecommendations" time="0.002"/>
  <testcase name="responseToGetWithQueryFrom1_0OriginVia1_1ProxyAndNoExpiresIsNotCached" classname="org.apache.http.impl.client.cache.TestProtocolRecommendations" time="0.001"/>
  <testcase name="shouldStripContentRangeFromOrigin304ResponseToStringValidation" classname="org.apache.http.impl.client.cache.TestProtocolRecommendations" time="0.002"/>
  <testcase name="testDoesNotModifyIfModifiedSinceOnRequests" classname="org.apache.http.impl.client.cache.TestProtocolRecommendations" time="0.002"/>
  <testcase name="testDoesNotReturnStaleResponseIfClientExplicitlyRequestsFreshWithMaxAge" classname="org.apache.http.impl.client.cache.TestProtocolRecommendations" time="0.007"/>
  <testcase name="testDoesNotModifyContentLengthOnRequests" classname="org.apache.http.impl.client.cache.TestProtocolRecommendations" time="0.002"/>
  <testcase name="testDoesNotReturnStaleResponseIfClientExplicitlyRequestsFreshWithMaxStale" classname="org.apache.http.impl.client.cache.TestProtocolRecommendations" time="0.003"/>
  <testcase name="testUsesLastModifiedDateForCacheConditionalRequests" classname="org.apache.http.impl.client.cache.TestProtocolRecommendations" time="0.042"/>
  <testcase name="testDoesNotModifyIfRangeOnRequests" classname="org.apache.http.impl.client.cache.TestProtocolRecommendations" time="0.002"/>
  <testcase name="cacheGenerated304ForStrongEtagValidatorShouldNotContainContentType" classname="org.apache.http.impl.client.cache.TestProtocolRecommendations" time="0.002"/>
  <testcase name="testDoesNotModifyContentLengthOnResponses" classname="org.apache.http.impl.client.cache.TestProtocolRecommendations" time="0.018"/>
  <testcase name="shouldStripLastModifiedFromOrigin304ResponseToStrongValidation" classname="org.apache.http.impl.client.cache.TestProtocolRecommendations" time="0.001"/>
  <testcase name="cacheGenerated304ForStrongEtagValidatorShouldNotContainAllow" classname="org.apache.http.impl.client.cache.TestProtocolRecommendations" time="0.003"/>
  <testcase name="shouldInvalidateAllVariantsForUnknownMethod" classname="org.apache.http.impl.client.cache.TestProtocolRecommendations" time="0.007"/>
  <testcase name="cacheGenerated304ForStrongEtagValidatorShouldNotContainContentLanguage" classname="org.apache.http.impl.client.cache.TestProtocolRecommendations" time="0.002"/>
  <testcase name="cacheGenerated304ForStrongDateValidatorShouldNotContainContentLength" classname="org.apache.http.impl.client.cache.TestProtocolRecommendations" time="0.003"/>
  <testcase name="testDoesNotModifyUserAgentOnRequests" classname="org.apache.http.impl.client.cache.TestProtocolRecommendations" time="0.002"/>
  <testcase name="cacheHitOkWithOnlyIfCached" classname="org.apache.http.impl.client.cache.TestProtocolRecommendations" time="0.007"/>
  <testcase name="expiresPriorToDateWithNoCacheControlIsNotCacheable" classname="org.apache.http.impl.client.cache.TestProtocolRecommendations" time="0.003"/>
  <testcase name="cacheMissResultsIn504WithOnlyIfCached" classname="org.apache.http.impl.client.cache.TestProtocolRecommendations" time="0.001"/>
  <testcase name="cacheGenerated304ForStrongEtagValidatorShouldNotContainContentRange" classname="org.apache.http.impl.client.cache.TestProtocolRecommendations" time="0.002"/>
  <testcase name="variantNegotiationsDoNotIncludeEtagsForPartialResponses" classname="org.apache.http.impl.client.cache.TestProtocolRecommendations" time="0.004"/>
  <testcase name="testDoesNotModifyExpiresOnResponses" classname="org.apache.http.impl.client.cache.TestProtocolRecommendations" time="0.001"/>
  <testcase name="shouldStripAllowFromOrigin304ResponseToStrongValidation" classname="org.apache.http.impl.client.cache.TestProtocolRecommendations" time="0.002"/>
  <testcase name="testMayReturnStaleResponseIfClientExplicitlySpecifiesAcceptableMaxStale" classname="org.apache.http.impl.client.cache.TestProtocolRecommendations" time="0.002"/>
  <testcase name="testDoesNotModifyServerOnResponses" classname="org.apache.http.impl.client.cache.TestProtocolRecommendations" time="0.002"/>
  <testcase name="testDoesNotModifyContentTypeOnResponses" classname="org.apache.http.impl.client.cache.TestProtocolRecommendations" time="0.002"/>
  <testcase name="cacheGenerated304ForStrongValidatorShouldNotContainContentLength" classname="org.apache.http.impl.client.cache.TestProtocolRecommendations" time="0.002"/>
  <testcase name="shouldInvalidateNonvariantCacheEntryForUnknownMethod" classname="org.apache.http.impl.client.cache.TestProtocolRecommendations" time="0.003"/>
  <testcase name="cacheGenerated304ForStrongDateValidatorShouldNotContainContentMD5" classname="org.apache.http.impl.client.cache.TestProtocolRecommendations" time="0.002"/>
  <testcase name="testDoesNotModifyDateOnRequests" classname="org.apache.http.impl.client.cache.TestProtocolRecommendations" time="0.002"/>
  <testcase name="testDoesNotModifyAuthorizationOnRequests" classname="org.apache.http.impl.client.cache.TestProtocolRecommendations" time="0.002"/>
  <testcase name="testReturnsCachedResponsesAppropriatelyWhenNoOriginCommunication" classname="org.apache.http.impl.client.cache.TestProtocolRecommendations" time="0.002"/>
  <testcase name="returnsStaleCacheEntryWithOnlyIfCachedAndMaxStale" classname="org.apache.http.impl.client.cache.TestProtocolRecommendations" time="0.002"/>
  <testcase name="cacheGenerated304ForStrongDateValidatorShouldNotContainContentRange" classname="org.apache.http.impl.client.cache.TestProtocolRecommendations" time="0.005"/>
  <testcase name="testDoesNotModifyRetryAfterOnResponses" classname="org.apache.http.impl.client.cache.TestProtocolRecommendations" time="0.001"/>
  <testcase name="cachedEntryShouldNotBeUsedIfMoreRecentMentionInContentLocation" classname="org.apache.http.impl.client.cache.TestProtocolRecommendations" time="0.003"/>
  <testcase name="testDoesNotModifyFromOnRequests" classname="org.apache.http.impl.client.cache.TestProtocolRecommendations" time="0.002"/>
  <testcase name="testDoesNotModifyContentRangeOnRequests" classname="org.apache.http.impl.client.cache.TestProtocolRecommendations" time="0.001"/>
  <testcase name="shouldStripContentTypeFromOrigin304ResponseToStrongValidation" classname="org.apache.http.impl.client.cache.TestProtocolRecommendations" time="0.001"/>
  <testcase name="expiresEqualToDateWithNoCacheControlIsNotCacheable" classname="org.apache.http.impl.client.cache.TestProtocolRecommendations" time="0.003"/>
  <testcase name="testDoesNotModifyDateOnResponses" classname="org.apache.http.impl.client.cache.TestProtocolRecommendations" time="0.002"/>
  <testcase name="testRetriesValidationThatResultsInAnOlderDated304Response" classname="org.apache.http.impl.client.cache.TestProtocolRecommendations" time="0.002"/>
  <testcase name="testDoesNotModifyIfUnmodifiedSinceOnRequests" classname="org.apache.http.impl.client.cache.TestProtocolRecommendations" time="0.001"/>
  <testcase name="testIdentityCodingIsNotUsedInContentEncodingHeader" classname="org.apache.http.impl.client.cache.TestProtocolRecommendations" time="0.004"/>
  <testcase name="cacheGenerated304ForStrongEtagValidatorShouldNotContainLastModified" classname="org.apache.http.impl.client.cache.TestProtocolRecommendations" time="0.002"/>
  <testcase name="testDoesNotModifyVaryOnResponses" classname="org.apache.http.impl.client.cache.TestProtocolRecommendations" time="0.002"/>
  <testcase name="otherFreshnessRequestDirectivesNotAllowedWithNoCache" classname="org.apache.http.impl.client.cache.TestProtocolRecommendations" time="0.002"/>
  <testcase name="cacheGenerated304ForStrongDateValidatorShouldNotContainAllow" classname="org.apache.http.impl.client.cache.TestProtocolRecommendations" time="0.002"/>
  <testcase name="testResponseToExistingVariantsIsCachedForFutureResponses" classname="org.apache.http.impl.client.cache.TestProtocolRecommendations" time="0.003"/>
  <testcase name="testSendsAllVariantEtagsInConditionalRequest" classname="org.apache.http.impl.client.cache.TestProtocolRecommendations" time="0.007"/>
  <testcase name="shouldStripContentMD5FromOrigin304ResponseToStrongValidation" classname="org.apache.http.impl.client.cache.TestProtocolRecommendations" time="0.001"/>
  <testcase name="testDoesNotModifyContentMD5OnRequests" classname="org.apache.http.impl.client.cache.TestProtocolRecommendations" time="0.002"/>
  <testcase name="testDoesNotModifyLastModifiedOnResponses" classname="org.apache.http.impl.client.cache.TestProtocolRecommendations" time="0.002"/>
  <testcase name="testDoesNotModifyIfMatchOnRequests" classname="org.apache.http.impl.client.cache.TestProtocolRecommendations" time="0.001"/>
  <testcase name="shouldStripContentLanguageFromOrigin304ResponseToStrongValidation" classname="org.apache.http.impl.client.cache.TestProtocolRecommendations" time="0.002"/>
  <testcase name="testDoesNotReturnStaleResponseIfClientExplicitlySpecifiesLargerMaxAge" classname="org.apache.http.impl.client.cache.TestProtocolRecommendations" time="0.002"/>
  <testcase name="cacheGenerated304ForStrongDateValidatorShouldNotContainContentEncoding" classname="org.apache.http.impl.client.cache.TestProtocolRecommendations" time="0.002"/>
  <testcase name="cacheGenerated304ForStrongDateValidatorShouldNotContainLastModified" classname="org.apache.http.impl.client.cache.TestProtocolRecommendations" time="0.003"/>
  <testcase name="cacheShouldUpdateWithNewCacheableResponse" classname="org.apache.http.impl.client.cache.TestProtocolRecommendations" time="0.014"/>
  <testcase name="testDoesNotReturnStaleResponseIfClientExplicitlyRequestsFreshWithMinFresh" classname="org.apache.http.impl.client.cache.TestProtocolRecommendations" time="0.006"/>
  <testcase name="testDoesNotModifyRangeOnRequests" classname="org.apache.http.impl.client.cache.TestProtocolRecommendations" time="0.005"/>
  <testcase name="testDoesNotModifyContentMD5OnResponses" classname="org.apache.http.impl.client.cache.TestProtocolRecommendations" time="0.001"/>
  <testcase name="testDoesNotModifyETagOnResponses" classname="org.apache.http.impl.client.cache.TestProtocolRecommendations" time="0.001"/>
</testsuite>