<?xml version="1.0" encoding="UTF-8"?>
<testsuite name="org.apache.http.impl.client.cache.TestResponseCachingPolicy" time="0.023" tests="96" errors="0" skipped="0" failures="0">
  <properties>
    <property name="java.runtime.name" value="Java(TM) SE Runtime Environment"/>
    <property name="sun.boot.library.path" value="/Library/Java/JavaVirtualMachines/jdk1.8.0_60.jdk/Contents/Home/jre/lib"/>
    <property name="java.vm.version" value="25.60-b23"/>
    <property name="gopherProxySet" value="false"/>
    <property name="java.vm.vendor" value="Oracle Corporation"/>
    <property name="maven.multiModuleProjectDirectory" value="/Users/microlm/CS451_ChessgameProject/ChessGameFrontEnd/httpcomponents-client-4.5.1"/>
    <property name="java.vendor.url" value="http://java.oracle.com/"/>
    <property name="path.separator" value=":"/>
    <property name="guice.disable.misplaced.annotation.check" value="true"/>
    <property name="java.vm.name" value="Java HotSpot(TM) 64-Bit Server VM"/>
    <property name="file.encoding.pkg" value="sun.io"/>
    <property name="user.country" value="US"/>
    <property name="sun.java.launcher" value="SUN_STANDARD"/>
    <property name="sun.os.patch.level" value="unknown"/>
    <property name="java.vm.specification.name" value="Java Virtual Machine Specification"/>
    <property name="user.dir" value="/Users/microlm/CS451_ChessgameProject/ChessGameFrontEnd/httpcomponents-client-4.5.1"/>
    <property name="java.runtime.version" value="1.8.0_60-b27"/>
    <property name="java.awt.graphicsenv" value="sun.awt.CGraphicsEnvironment"/>
    <property name="java.endorsed.dirs" value="/Library/Java/JavaVirtualMachines/jdk1.8.0_60.jdk/Contents/Home/jre/lib/endorsed"/>
    <property name="os.arch" value="x86_64"/>
    <property name="java.io.tmpdir" value="/var/folders/83/f3lm05md4fv4cyfbgfmwbxx80000gn/T/"/>
    <property name="line.separator" value="&#10;"/>
    <property name="java.vm.specification.vendor" value="Oracle Corporation"/>
    <property name="os.name" value="Mac OS X"/>
    <property name="classworlds.conf" value="/Applications/apache-maven-3.3.9/bin/m2.conf"/>
    <property name="sun.jnu.encoding" value="UTF-8"/>
    <property name="java.library.path" value="/Users/microlm/Library/Java/Extensions:/Library/Java/Extensions:/Network/Library/Java/Extensions:/System/Library/Java/Extensions:/usr/lib/java:."/>
    <property name="java.specification.name" value="Java Platform API Specification"/>
    <property name="java.class.version" value="52.0"/>
    <property name="sun.management.compiler" value="HotSpot 64-Bit Tiered Compilers"/>
    <property name="os.version" value="10.10.3"/>
    <property name="http.nonProxyHosts" value="local|*.local|169.254/16|*.169.254/16"/>
    <property name="user.home" value="/Users/microlm"/>
    <property name="user.timezone" value="America/New_York"/>
    <property name="java.awt.printerjob" value="sun.lwawt.macosx.CPrinterJob"/>
    <property name="java.specification.version" value="1.8"/>
    <property name="file.encoding" value="UTF-8"/>
    <property name="user.name" value="microlm"/>
    <property name="java.class.path" value="/Applications/apache-maven-3.3.9/boot/plexus-classworlds-2.5.2.jar"/>
    <property name="java.vm.specification.version" value="1.8"/>
    <property name="sun.arch.data.model" value="64"/>
    <property name="java.home" value="/Library/Java/JavaVirtualMachines/jdk1.8.0_60.jdk/Contents/Home/jre"/>
    <property name="sun.java.command" value="org.codehaus.plexus.classworlds.launcher.Launcher install"/>
    <property name="java.specification.vendor" value="Oracle Corporation"/>
    <property name="user.language" value="en"/>
    <property name="awt.toolkit" value="sun.lwawt.macosx.LWCToolkit"/>
    <property name="java.vm.info" value="mixed mode"/>
    <property name="java.version" value="1.8.0_60"/>
    <property name="java.ext.dirs" value="/Users/microlm/Library/Java/Extensions:/Library/Java/JavaVirtualMachines/jdk1.8.0_60.jdk/Contents/Home/jre/lib/ext:/Library/Java/Extensions:/Network/Library/Java/Extensions:/System/Library/Java/Extensions:/usr/lib/java"/>
    <property name="sun.boot.class.path" value="/Library/Java/JavaVirtualMachines/jdk1.8.0_60.jdk/Contents/Home/jre/lib/resources.jar:/Library/Java/JavaVirtualMachines/jdk1.8.0_60.jdk/Contents/Home/jre/lib/rt.jar:/Library/Java/JavaVirtualMachines/jdk1.8.0_60.jdk/Contents/Home/jre/lib/sunrsasign.jar:/Library/Java/JavaVirtualMachines/jdk1.8.0_60.jdk/Contents/Home/jre/lib/jsse.jar:/Library/Java/JavaVirtualMachines/jdk1.8.0_60.jdk/Contents/Home/jre/lib/jce.jar:/Library/Java/JavaVirtualMachines/jdk1.8.0_60.jdk/Contents/Home/jre/lib/charsets.jar:/Library/Java/JavaVirtualMachines/jdk1.8.0_60.jdk/Contents/Home/jre/lib/jfr.jar:/Library/Java/JavaVirtualMachines/jdk1.8.0_60.jdk/Contents/Home/jre/classes"/>
    <property name="java.vendor" value="Oracle Corporation"/>
    <property name="maven.home" value="/Applications/apache-maven-3.3.9"/>
    <property name="file.separator" value="/"/>
    <property name="java.vendor.url.bug" value="http://bugreport.sun.com/bugreport/"/>
    <property name="sun.cpu.endian" value="little"/>
    <property name="sun.io.unicode.encoding" value="UnicodeBig"/>
    <property name="socksNonProxyHosts" value="local|*.local|169.254/16|*.169.254/16"/>
    <property name="ftp.nonProxyHosts" value="local|*.local|169.254/16|*.169.254/16"/>
    <property name="sun.cpu.isalist" value=""/>
  </properties>
  <testcase name="test303WithExplicitCachingHeadersUnderDefaultBehavior" classname="org.apache.http.impl.client.cache.TestResponseCachingPolicy" time="0"/>
  <testcase name="testPlain303ResponseCodeIsNotCacheableEvenIf303CachingEnabled" classname="org.apache.http.impl.client.cache.TestResponseCachingPolicy" time="0"/>
  <testcase name="testPlain303ResponseCodeIsNotCacheableUnderDefaultBehavior" classname="org.apache.http.impl.client.cache.TestResponseCachingPolicy" time="0"/>
  <testcase name="testIsArbitraryMethodCacheableUsingSharedPublicCache" classname="org.apache.http.impl.client.cache.TestResponseCachingPolicy" time="0"/>
  <testcase name="testIsHeadCacheable" classname="org.apache.http.impl.client.cache.TestResponseCachingPolicy" time="0"/>
  <testcase name="testResponsesToGETWithQueryParamsAndExplicitCachingAreCacheable" classname="org.apache.http.impl.client.cache.TestResponseCachingPolicy" time="0.001"/>
  <testcase name="testIsArbitraryMethodCacheable" classname="org.apache.http.impl.client.cache.TestResponseCachingPolicy" time="0"/>
  <testcase name="test410ResponseCodeIsCacheable" classname="org.apache.http.impl.client.cache.TestResponseCachingPolicy" time="0"/>
  <testcase name="test206ResponseCodeIsNotCacheable" classname="org.apache.http.impl.client.cache.TestResponseCachingPolicy" time="0"/>
  <testcase name="testNon206WithSMaxAgeIsCacheable" classname="org.apache.http.impl.client.cache.TestResponseCachingPolicy" time="0"/>
  <testcase name="testNon206WithPrivateCacheControlIsNotCacheableBySharedCache" classname="org.apache.http.impl.client.cache.TestResponseCachingPolicy" time="0"/>
  <testcase name="testIsGetWithAnyCacheControlCacheable" classname="org.apache.http.impl.client.cache.TestResponseCachingPolicy" time="0"/>
  <testcase name="headsWithQueryParametersFrom1_0OriginsViaExplicitProxiesCanNotBeCacheableEvenWithExpires" classname="org.apache.http.impl.client.cache.TestResponseCachingPolicy" time="0.001"/>
  <testcase name="getsWithQueryParametersFrom1_0OriginsViaProxiesAreCacheableWithExpires" classname="org.apache.http.impl.client.cache.TestResponseCachingPolicy" time="0"/>
  <testcase name="testResponsesWithMultipleExpiresHeadersAreNotCacheable" classname="org.apache.http.impl.client.cache.TestResponseCachingPolicy" time="0"/>
  <testcase name="testIsHeadWithNoCacheEmbeddedInListCacheable" classname="org.apache.http.impl.client.cache.TestResponseCachingPolicy" time="0"/>
  <testcase name="headsWithQueryParametersDirectlyFrom1_0OriginsAreCacheableWithExpires" classname="org.apache.http.impl.client.cache.TestResponseCachingPolicy" time="0.001"/>
  <testcase name="testIsHeadWithAnyCacheControlCacheable" classname="org.apache.http.impl.client.cache.TestResponseCachingPolicy" time="0"/>
  <testcase name="testVaryStarIsNotCacheableUsingSharedPublicCache" classname="org.apache.http.impl.client.cache.TestResponseCachingPolicy" time="0"/>
  <testcase name="testIsHeadWithVaryHeaderCacheable" classname="org.apache.http.impl.client.cache.TestResponseCachingPolicy" time="0.001"/>
  <testcase name="testAuthorizedResponsesWithCacheControlPublicAreCacheable" classname="org.apache.http.impl.client.cache.TestResponseCachingPolicy" time="0"/>
  <testcase name="testPlain302ResponseCodeIsNotCacheable" classname="org.apache.http.impl.client.cache.TestResponseCachingPolicy" time="0"/>
  <testcase name="testResponsesToHEADWithQueryParamsAndExplicitCachingAreCacheable" classname="org.apache.http.impl.client.cache.TestResponseCachingPolicy" time="0"/>
  <testcase name="notCacheableIfExpiresPrecedesDateAndNoCacheControl" classname="org.apache.http.impl.client.cache.TestResponseCachingPolicy" time="0.001"/>
  <testcase name="headsWithQueryParametersFrom1_0OriginsViaProxiesAreNotCacheable" classname="org.apache.http.impl.client.cache.TestResponseCachingPolicy" time="0"/>
  <testcase name="test302WithExplicitCachingHeaders" classname="org.apache.http.impl.client.cache.TestResponseCachingPolicy" time="0"/>
  <testcase name="test303WithExplicitCachingHeadersWhenPermittedByConfig" classname="org.apache.http.impl.client.cache.TestResponseCachingPolicy" time="0.001"/>
  <testcase name="testResponsesToHEADWithQueryParamsButNoExplicitCachingAreNotCacheableEvenWhen1_0QueryCachingDisabled" classname="org.apache.http.impl.client.cache.TestResponseCachingPolicy" time="0"/>
  <testcase name="test206ResponseCodeIsNotCacheableUsingSharedPublicCache" classname="org.apache.http.impl.client.cache.TestResponseCachingPolicy" time="0"/>
  <testcase name="headsWithQueryParametersFrom1_0OriginsViaProxiesCanNotBeCacheableEvenWithExpires" classname="org.apache.http.impl.client.cache.TestResponseCachingPolicy" time="0"/>
  <testcase name="testResponsesWithMalformedDateHeadersAreNotCacheableUsingSharedPublicCache" classname="org.apache.http.impl.client.cache.TestResponseCachingPolicy" time="0"/>
  <testcase name="testIsGetWithNoCacheEmbeddedInListCacheable" classname="org.apache.http.impl.client.cache.TestResponseCachingPolicy" time="0.001"/>
  <testcase name="notCacheableIfExpiresEqualsDateAndNoCacheControl" classname="org.apache.http.impl.client.cache.TestResponseCachingPolicy" time="0"/>
  <testcase name="testResponsesToRequestsWithNoStoreAreNotCacheable" classname="org.apache.http.impl.client.cache.TestResponseCachingPolicy" time="0"/>
  <testcase name="testResponsesWithoutDateHeadersAreNotCacheable" classname="org.apache.http.impl.client.cache.TestResponseCachingPolicy" time="0"/>
  <testcase name="testResponsesToHEADWithQueryParamsButNoExplicitCachingAreNotCacheable" classname="org.apache.http.impl.client.cache.TestResponseCachingPolicy" time="0"/>
  <testcase name="testIsGetWithNoStoreCacheable" classname="org.apache.http.impl.client.cache.TestResponseCachingPolicy" time="0"/>
  <testcase name="testIsGetWithNoCacheCacheable" classname="org.apache.http.impl.client.cache.TestResponseCachingPolicy" time="0"/>
  <testcase name="testPlain307ResponseCodeIsNotCacheable" classname="org.apache.http.impl.client.cache.TestResponseCachingPolicy" time="0"/>
  <testcase name="getsWithQueryParametersDirectlyFrom1_0OriginsAreNotCacheable" classname="org.apache.http.impl.client.cache.TestResponseCachingPolicy" time="0"/>
  <testcase name="test307WithExplicitCachingHeaders" classname="org.apache.http.impl.client.cache.TestResponseCachingPolicy" time="0"/>
  <testcase name="testResponsesToRequestsWithAuthorizationHeadersAreCacheableByNonSharedCache" classname="org.apache.http.impl.client.cache.TestResponseCachingPolicy" time="0"/>
  <testcase name="testNon206WithMustRevalidateIsCacheable" classname="org.apache.http.impl.client.cache.TestResponseCachingPolicy" time="0"/>
  <testcase name="getsWithQueryParametersDirectlyFrom1_0OriginsAreNotCacheableEvenWithSetting" classname="org.apache.http.impl.client.cache.TestResponseCachingPolicy" time="0"/>
  <testcase name="testResponsesWithMalformedDateHeadersAreNotCacheable" classname="org.apache.http.impl.client.cache.TestResponseCachingPolicy" time="0"/>
  <testcase name="testResponsesWithMultipleDateHeadersAreNotCacheableUsingSharedPublicCache" classname="org.apache.http.impl.client.cache.TestResponseCachingPolicy" time="0"/>
  <testcase name="testResponsesWithMultipleAgeHeadersAreNotCacheableUsingSharedPublicCache" classname="org.apache.http.impl.client.cache.TestResponseCachingPolicy" time="0.001"/>
  <testcase name="testResponsesWithMultipleExpiresHeadersAreNotCacheableUsingSharedPublicCache" classname="org.apache.http.impl.client.cache.TestResponseCachingPolicy" time="0"/>
  <testcase name="headsWithQueryParametersFrom1_0OriginsViaExplicitProxiesAreCacheableWithExpires" classname="org.apache.http.impl.client.cache.TestResponseCachingPolicy" time="0"/>
  <testcase name="testIsHeadWithout200Cacheable" classname="org.apache.http.impl.client.cache.TestResponseCachingPolicy" time="0"/>
  <testcase name="testResponsesToRequestsWithAuthorizationHeadersAreNotCacheableBySharedCache" classname="org.apache.http.impl.client.cache.TestResponseCachingPolicy" time="0"/>
  <testcase name="getsWithQueryParametersDirectlyFrom1_0OriginsAreCacheableWithExpires" classname="org.apache.http.impl.client.cache.TestResponseCachingPolicy" time="0.001"/>
  <testcase name="testIsHeadWithNoStoreCacheable" classname="org.apache.http.impl.client.cache.TestResponseCachingPolicy" time="0"/>
  <testcase name="testResponsesToHEADWithQueryParamsAndExplicitCachingAreCacheableEvenWhen1_0QueryCachingDisabled" classname="org.apache.http.impl.client.cache.TestResponseCachingPolicy" time="0"/>
  <testcase name="testIsGetWithNoCacheEmbeddedInListAfterFirstHeaderCacheable" classname="org.apache.http.impl.client.cache.TestResponseCachingPolicy" time="0.001"/>
  <testcase name="testIsHeadWithNoCacheCacheable" classname="org.apache.http.impl.client.cache.TestResponseCachingPolicy" time="0"/>
  <testcase name="headsWithQueryParametersFrom1_0OriginsViaProxiesAreCacheableWithExpires" classname="org.apache.http.impl.client.cache.TestResponseCachingPolicy" time="0"/>
  <testcase name="test203ResponseCodeIsCacheable" classname="org.apache.http.impl.client.cache.TestResponseCachingPolicy" time="0.001"/>
  <testcase name="testIsGetWithNoStoreEmbeddedInListAfterFirstHeaderCacheable" classname="org.apache.http.impl.client.cache.TestResponseCachingPolicy" time="0"/>
  <testcase name="test301ResponseCodeIsCacheable" classname="org.apache.http.impl.client.cache.TestResponseCachingPolicy" time="0"/>
  <testcase name="testNon206WithExplicitExpiresIsCacheable" classname="org.apache.http.impl.client.cache.TestResponseCachingPolicy" time="0"/>
  <testcase name="headsWithQueryParametersDirectlyFrom1_0OriginsCanBeNotCacheableEvenWithExpires" classname="org.apache.http.impl.client.cache.TestResponseCachingPolicy" time="0.001"/>
  <testcase name="testResponsesWithMultipleDateHeadersAreNotCacheable" classname="org.apache.http.impl.client.cache.TestResponseCachingPolicy" time="0"/>
  <testcase name="test300ResponseCodeIsCacheable" classname="org.apache.http.impl.client.cache.TestResponseCachingPolicy" time="0"/>
  <testcase name="testNon206WithMaxAgeIsCacheable" classname="org.apache.http.impl.client.cache.TestResponseCachingPolicy" time="0"/>
  <testcase name="testResponsesToGETWithQueryParamsAndExplicitCachingAreCacheableEvenWhen1_0QueryCachingDisabled" classname="org.apache.http.impl.client.cache.TestResponseCachingPolicy" time="0.001"/>
  <testcase name="getsWithQueryParametersFrom1_0OriginsViaProxiesCanNotBeCacheableEvenWithExpires" classname="org.apache.http.impl.client.cache.TestResponseCachingPolicy" time="0"/>
  <testcase name="test200ResponseWithPrivateCacheControlIsCacheableByNonSharedCache" classname="org.apache.http.impl.client.cache.TestResponseCachingPolicy" time="0.006"/>
  <testcase name="testAuthorizedResponsesWithCacheControlMaxAgeAreNotCacheable" classname="org.apache.http.impl.client.cache.TestResponseCachingPolicy" time="0"/>
  <testcase name="getsWithQueryParametersFrom1_0OriginsViaExplicitProxiesCanNotBeCacheableEvenWithExpires" classname="org.apache.http.impl.client.cache.TestResponseCachingPolicy" time="0"/>
  <testcase name="getsWithQueryParametersDirectlyFrom1_0OriginsCanBeNotCacheableEvenWithExpires" classname="org.apache.http.impl.client.cache.TestResponseCachingPolicy" time="0"/>
  <testcase name="testResponsesWithMultipleAgeHeadersAreNotCacheable" classname="org.apache.http.impl.client.cache.TestResponseCachingPolicy" time="0"/>
  <testcase name="headsWithQueryParametersFrom1_1OriginsVia1_0ProxiesAreCacheableWithExpires" classname="org.apache.http.impl.client.cache.TestResponseCachingPolicy" time="0"/>
  <testcase name="testIsGetWithVaryHeaderCacheable" classname="org.apache.http.impl.client.cache.TestResponseCachingPolicy" time="0"/>
  <testcase name="testResponsesToGETWithQueryParamsButNoExplicitCachingAreNotCacheableEvenWhen1_0QueryCachingDisabled" classname="org.apache.http.impl.client.cache.TestResponseCachingPolicy" time="0"/>
  <testcase name="getsWithQueryParametersFrom1_1OriginsVia1_0ProxiesAreCacheableWithExpires" classname="org.apache.http.impl.client.cache.TestResponseCachingPolicy" time="0"/>
  <testcase name="testResponseThatHasTooMuchContentIsNotCacheable" classname="org.apache.http.impl.client.cache.TestResponseCachingPolicy" time="0"/>
  <testcase name="testAuthorizedResponsesWithSMaxAgeAreCacheable" classname="org.apache.http.impl.client.cache.TestResponseCachingPolicy" time="0.001"/>
  <testcase name="getsWithQueryParametersFrom1_0OriginsViaProxiesAreNotCacheable" classname="org.apache.http.impl.client.cache.TestResponseCachingPolicy" time="0"/>
  <testcase name="testIsHeadWithNoStoreEmbeddedInListCacheable" classname="org.apache.http.impl.client.cache.TestResponseCachingPolicy" time="0"/>
  <testcase name="testResponsesThatAreSmallEnoughAreCacheable" classname="org.apache.http.impl.client.cache.TestResponseCachingPolicy" time="0"/>
  <testcase name="testNon206WithPublicCacheControlIsCacheable" classname="org.apache.http.impl.client.cache.TestResponseCachingPolicy" time="0.001"/>
  <testcase name="testResponseThatHasTooMuchContentIsNotCacheableUsingSharedPublicCache" classname="org.apache.http.impl.client.cache.TestResponseCachingPolicy" time="0"/>
  <testcase name="testIsGetWithNoStoreEmbeddedInListCacheable" classname="org.apache.http.impl.client.cache.TestResponseCachingPolicy" time="0"/>
  <testcase name="getsWithQueryParametersFrom1_0OriginsViaExplicitProxiesAreCacheableWithExpires" classname="org.apache.http.impl.client.cache.TestResponseCachingPolicy" time="0"/>
  <testcase name="testIsHeadWithNoCacheEmbeddedInListAfterFirstHeaderCacheable" classname="org.apache.http.impl.client.cache.TestResponseCachingPolicy" time="0.001"/>
  <testcase name="testVaryStarIsNotCacheable" classname="org.apache.http.impl.client.cache.TestResponseCachingPolicy" time="0"/>
  <testcase name="testIsGetCacheable" classname="org.apache.http.impl.client.cache.TestResponseCachingPolicy" time="0"/>
  <testcase name="testIsHeadWithNoStoreEmbeddedInListAfterFirstHeaderCacheable" classname="org.apache.http.impl.client.cache.TestResponseCachingPolicy" time="0"/>
  <testcase name="testAuthorizedResponsesWithMustRevalidateAreCacheable" classname="org.apache.http.impl.client.cache.TestResponseCachingPolicy" time="0"/>
  <testcase name="testIsGetWithout200Cacheable" classname="org.apache.http.impl.client.cache.TestResponseCachingPolicy" time="0.001"/>
  <testcase name="testNon206WithProxyRevalidateIsCacheable" classname="org.apache.http.impl.client.cache.TestResponseCachingPolicy" time="0"/>
  <testcase name="testResponsesToGETWithQueryParamsButNoExplicitCachingAreNotCacheable" classname="org.apache.http.impl.client.cache.TestResponseCachingPolicy" time="0"/>
  <testcase name="otherStatusCodesAreCacheableWithExplicitCachingHeaders" classname="org.apache.http.impl.client.cache.TestResponseCachingPolicy" time="0"/>
  <testcase name="headsWithQueryParametersDirectlyFrom1_0OriginsAreNotCacheable" classname="org.apache.http.impl.client.cache.TestResponseCachingPolicy" time="0"/>
  <testcase name="headsWithQueryParametersDirectlyFrom1_0OriginsAreNotCacheableEvenWithSetting" classname="org.apache.http.impl.client.cache.TestResponseCachingPolicy" time="0"/>
</testsuite>